{"/Users/miika/Projektit/bottlestash-frontend/src/App.js": {"path":"/Users/miika/Projektit/bottlestash-frontend/src/App.js","statementMap":{"0":{"start":{"line":30,"column":12},"end":{"line":183,"column":1}},"1":{"start":{"line":32,"column":2},"end":{"line":37,"column":13}},"2":{"start":{"line":33,"column":23},"end":{"line":33,"column":75}},"3":{"start":{"line":34,"column":4},"end":{"line":36,"column":5}},"4":{"start":{"line":35,"column":6},"end":{"line":35,"column":50}},"5":{"start":{"line":39,"column":2},"end":{"line":41,"column":13}},"6":{"start":{"line":40,"column":4},"end":{"line":40,"column":23}},"7":{"start":{"line":43,"column":2},"end":{"line":45,"column":13}},"8":{"start":{"line":44,"column":4},"end":{"line":44,"column":27}},"9":{"start":{"line":47,"column":2},"end":{"line":49,"column":13}},"10":{"start":{"line":48,"column":4},"end":{"line":48,"column":23}},"11":{"start":{"line":51,"column":2},"end":{"line":53,"column":13}},"12":{"start":{"line":52,"column":4},"end":{"line":52,"column":25}},"13":{"start":{"line":55,"column":2},"end":{"line":57,"column":13}},"14":{"start":{"line":56,"column":4},"end":{"line":56,"column":25}},"15":{"start":{"line":59,"column":19},"end":{"line":60,"column":38}},"16":{"start":{"line":60,"column":4},"end":{"line":60,"column":38}},"17":{"start":{"line":60,"column":26},"end":{"line":60,"column":37}},"18":{"start":{"line":62,"column":22},"end":{"line":63,"column":42}},"19":{"start":{"line":63,"column":4},"end":{"line":63,"column":42}},"20":{"start":{"line":63,"column":30},"end":{"line":63,"column":41}},"21":{"start":{"line":65,"column":19},"end":{"line":66,"column":38}},"22":{"start":{"line":66,"column":4},"end":{"line":66,"column":38}},"23":{"start":{"line":66,"column":26},"end":{"line":66,"column":37}},"24":{"start":{"line":68,"column":26},"end":{"line":69,"column":47}},"25":{"start":{"line":69,"column":4},"end":{"line":69,"column":47}},"26":{"start":{"line":69,"column":30},"end":{"line":69,"column":46}},"27":{"start":{"line":71,"column":21},"end":{"line":72,"column":88}},"28":{"start":{"line":72,"column":4},"end":{"line":72,"column":88}},"29":{"start":{"line":72,"column":50},"end":{"line":72,"column":87}},"30":{"start":{"line":74,"column":2},"end":{"line":182,"column":3}},"31":{"start":{"line":87,"column":12},"end":{"line":91,"column":14}},"32":{"start":{"line":96,"column":24},"end":{"line":96,"column":33}},"33":{"start":{"line":100,"column":24},"end":{"line":100,"column":76}},"34":{"start":{"line":104,"column":24},"end":{"line":104,"column":33}},"35":{"start":{"line":109,"column":12},"end":{"line":109,"column":47}},"36":{"start":{"line":114,"column":14},"end":{"line":116,"column":16}},"37":{"start":{"line":122,"column":12},"end":{"line":125,"column":14}},"38":{"start":{"line":134,"column":14},"end":{"line":139,"column":16}},"39":{"start":{"line":145,"column":14},"end":{"line":148,"column":16}},"40":{"start":{"line":153,"column":31},"end":{"line":153,"column":50}},"41":{"start":{"line":160,"column":14},"end":{"line":163,"column":16}},"42":{"start":{"line":170,"column":14},"end":{"line":173,"column":16}},"43":{"start":{"line":185,"column":24},"end":{"line":194,"column":1}},"44":{"start":{"line":186,"column":2},"end":{"line":193,"column":3}},"45":{"start":{"line":196,"column":27},"end":{"line":204,"column":1}}},"fnMap":{"0":{"name":"(anonymous_0)","decl":{"start":{"line":30,"column":12},"end":{"line":30,"column":13}},"loc":{"start":{"line":30,"column":23},"end":{"line":183,"column":1}},"line":30},"1":{"name":"(anonymous_1)","decl":{"start":{"line":32,"column":12},"end":{"line":32,"column":13}},"loc":{"start":{"line":32,"column":18},"end":{"line":37,"column":3}},"line":32},"2":{"name":"(anonymous_2)","decl":{"start":{"line":39,"column":12},"end":{"line":39,"column":13}},"loc":{"start":{"line":39,"column":18},"end":{"line":41,"column":3}},"line":39},"3":{"name":"(anonymous_3)","decl":{"start":{"line":43,"column":12},"end":{"line":43,"column":13}},"loc":{"start":{"line":43,"column":18},"end":{"line":45,"column":3}},"line":43},"4":{"name":"(anonymous_4)","decl":{"start":{"line":47,"column":12},"end":{"line":47,"column":13}},"loc":{"start":{"line":47,"column":18},"end":{"line":49,"column":3}},"line":47},"5":{"name":"(anonymous_5)","decl":{"start":{"line":51,"column":12},"end":{"line":51,"column":13}},"loc":{"start":{"line":51,"column":18},"end":{"line":53,"column":3}},"line":51},"6":{"name":"(anonymous_6)","decl":{"start":{"line":55,"column":12},"end":{"line":55,"column":13}},"loc":{"start":{"line":55,"column":18},"end":{"line":57,"column":3}},"line":55},"7":{"name":"(anonymous_7)","decl":{"start":{"line":59,"column":19},"end":{"line":59,"column":20}},"loc":{"start":{"line":60,"column":4},"end":{"line":60,"column":38}},"line":60},"8":{"name":"(anonymous_8)","decl":{"start":{"line":60,"column":21},"end":{"line":60,"column":22}},"loc":{"start":{"line":60,"column":26},"end":{"line":60,"column":37}},"line":60},"9":{"name":"(anonymous_9)","decl":{"start":{"line":62,"column":22},"end":{"line":62,"column":23}},"loc":{"start":{"line":63,"column":4},"end":{"line":63,"column":42}},"line":63},"10":{"name":"(anonymous_10)","decl":{"start":{"line":63,"column":25},"end":{"line":63,"column":26}},"loc":{"start":{"line":63,"column":30},"end":{"line":63,"column":41}},"line":63},"11":{"name":"(anonymous_11)","decl":{"start":{"line":65,"column":19},"end":{"line":65,"column":20}},"loc":{"start":{"line":66,"column":4},"end":{"line":66,"column":38}},"line":66},"12":{"name":"(anonymous_12)","decl":{"start":{"line":66,"column":21},"end":{"line":66,"column":22}},"loc":{"start":{"line":66,"column":26},"end":{"line":66,"column":37}},"line":66},"13":{"name":"(anonymous_13)","decl":{"start":{"line":68,"column":26},"end":{"line":68,"column":27}},"loc":{"start":{"line":69,"column":4},"end":{"line":69,"column":47}},"line":69},"14":{"name":"(anonymous_14)","decl":{"start":{"line":69,"column":25},"end":{"line":69,"column":26}},"loc":{"start":{"line":69,"column":30},"end":{"line":69,"column":46}},"line":69},"15":{"name":"(anonymous_15)","decl":{"start":{"line":71,"column":21},"end":{"line":71,"column":22}},"loc":{"start":{"line":72,"column":4},"end":{"line":72,"column":88}},"line":72},"16":{"name":"(anonymous_16)","decl":{"start":{"line":72,"column":42},"end":{"line":72,"column":43}},"loc":{"start":{"line":72,"column":50},"end":{"line":72,"column":87}},"line":72},"17":{"name":"(anonymous_17)","decl":{"start":{"line":86,"column":18},"end":{"line":86,"column":19}},"loc":{"start":{"line":87,"column":12},"end":{"line":91,"column":14}},"line":87},"18":{"name":"(anonymous_18)","decl":{"start":{"line":96,"column":18},"end":{"line":96,"column":19}},"loc":{"start":{"line":96,"column":24},"end":{"line":96,"column":33}},"line":96},"19":{"name":"(anonymous_19)","decl":{"start":{"line":100,"column":18},"end":{"line":100,"column":19}},"loc":{"start":{"line":100,"column":24},"end":{"line":100,"column":76}},"line":100},"20":{"name":"(anonymous_20)","decl":{"start":{"line":104,"column":18},"end":{"line":104,"column":19}},"loc":{"start":{"line":104,"column":24},"end":{"line":104,"column":33}},"line":104},"21":{"name":"(anonymous_21)","decl":{"start":{"line":108,"column":18},"end":{"line":108,"column":19}},"loc":{"start":{"line":109,"column":12},"end":{"line":109,"column":47}},"line":109},"22":{"name":"(anonymous_22)","decl":{"start":{"line":113,"column":20},"end":{"line":113,"column":21}},"loc":{"start":{"line":114,"column":14},"end":{"line":116,"column":16}},"line":114},"23":{"name":"(anonymous_23)","decl":{"start":{"line":121,"column":18},"end":{"line":121,"column":19}},"loc":{"start":{"line":122,"column":12},"end":{"line":125,"column":14}},"line":122},"24":{"name":"(anonymous_24)","decl":{"start":{"line":133,"column":20},"end":{"line":133,"column":21}},"loc":{"start":{"line":134,"column":14},"end":{"line":139,"column":16}},"line":134},"25":{"name":"(anonymous_25)","decl":{"start":{"line":144,"column":20},"end":{"line":144,"column":21}},"loc":{"start":{"line":145,"column":14},"end":{"line":148,"column":16}},"line":145},"26":{"name":"(anonymous_26)","decl":{"start":{"line":153,"column":20},"end":{"line":153,"column":21}},"loc":{"start":{"line":153,"column":31},"end":{"line":153,"column":50}},"line":153},"27":{"name":"(anonymous_27)","decl":{"start":{"line":159,"column":20},"end":{"line":159,"column":21}},"loc":{"start":{"line":160,"column":14},"end":{"line":163,"column":16}},"line":160},"28":{"name":"(anonymous_28)","decl":{"start":{"line":169,"column":20},"end":{"line":169,"column":21}},"loc":{"start":{"line":170,"column":14},"end":{"line":173,"column":16}},"line":170},"29":{"name":"(anonymous_29)","decl":{"start":{"line":185,"column":24},"end":{"line":185,"column":25}},"loc":{"start":{"line":185,"column":35},"end":{"line":194,"column":1}},"line":185}},"branchMap":{"0":{"loc":{"start":{"line":34,"column":4},"end":{"line":36,"column":5}},"type":"if","locations":[{"start":{"line":34,"column":4},"end":{"line":36,"column":5}},{"start":{"line":34,"column":4},"end":{"line":36,"column":5}}],"line":34},"1":{"loc":{"start":{"line":72,"column":4},"end":{"line":72,"column":88}},"type":"cond-expr","locations":[{"start":{"line":72,"column":18},"end":{"line":72,"column":22}},{"start":{"line":72,"column":25},"end":{"line":72,"column":88}}],"line":72},"2":{"loc":{"start":{"line":129,"column":9},"end":{"line":176,"column":11}},"type":"binary-expr","locations":[{"start":{"line":129,"column":9},"end":{"line":129,"column":19}},{"start":{"line":130,"column":8},"end":{"line":176,"column":11}}],"line":129},"3":{"loc":{"start":{"line":156,"column":11},"end":{"line":165,"column":12}},"type":"binary-expr","locations":[{"start":{"line":156,"column":11},"end":{"line":156,"column":23}},{"start":{"line":157,"column":10},"end":{"line":165,"column":12}}],"line":156}},"s":{"0":0,"1":0,"2":0,"3":0,"4":0,"5":0,"6":0,"7":0,"8":0,"9":0,"10":0,"11":0,"12":0,"13":0,"14":0,"15":0,"16":0,"17":0,"18":0,"19":0,"20":0,"21":0,"22":0,"23":0,"24":0,"25":0,"26":0,"27":0,"28":0,"29":0,"30":0,"31":0,"32":0,"33":0,"34":0,"35":0,"36":0,"37":0,"38":0,"39":0,"40":0,"41":0,"42":0,"43":0,"44":0,"45":0},"f":{"0":0,"1":0,"2":0,"3":0,"4":0,"5":0,"6":0,"7":0,"8":0,"9":0,"10":0,"11":0,"12":0,"13":0,"14":0,"15":0,"16":0,"17":0,"18":0,"19":0,"20":0,"21":0,"22":0,"23":0,"24":0,"25":0,"26":0,"27":0,"28":0,"29":0},"b":{"0":[0,0],"1":[0,0],"2":[0,0],"3":[0,0]},"hash":"b8cc88f72ff4217ebf5cc95da95ba455cdb2f024"}
,"/Users/miika/Projektit/bottlestash-frontend/src/eslintrc.js": {"path":"/Users/miika/Projektit/bottlestash-frontend/src/eslintrc.js","statementMap":{"0":{"start":{"line":1,"column":0},"end":{"line":49,"column":2}}},"fnMap":{},"branchMap":{},"s":{"0":0},"f":{},"b":{},"hash":"874f82d1bfc2920aece39bf49fd4d8636dcf3244"}
,"/Users/miika/Projektit/bottlestash-frontend/src/index.js": {"path":"/Users/miika/Projektit/bottlestash-frontend/src/index.js","statementMap":{"0":{"start":{"line":7,"column":0},"end":{"line":12,"column":1}}},"fnMap":{},"branchMap":{},"s":{"0":0},"f":{},"b":{},"hash":"4215794dc72b27e2ab1bc0b9005f81d835ee7e8c"}
,"/Users/miika/Projektit/bottlestash-frontend/src/store.js": {"path":"/Users/miika/Projektit/bottlestash-frontend/src/store.js","statementMap":{"0":{"start":{"line":12,"column":16},"end":{"line":21,"column":2}},"1":{"start":{"line":23,"column":14},"end":{"line":23,"column":58}}},"fnMap":{},"branchMap":{},"s":{"0":0,"1":0},"f":{},"b":{},"hash":"a48508acbdfbf62f269ae57ac60c1a3a6cccc30e"}
,"/Users/miika/Projektit/bottlestash-frontend/src/components/About.js": {"path":"/Users/miika/Projektit/bottlestash-frontend/src/components/About.js","statementMap":{"0":{"start":{"line":4,"column":14},"end":{"line":26,"column":1}},"1":{"start":{"line":5,"column":2},"end":{"line":25,"column":3}}},"fnMap":{"0":{"name":"(anonymous_0)","decl":{"start":{"line":4,"column":14},"end":{"line":4,"column":15}},"loc":{"start":{"line":4,"column":20},"end":{"line":26,"column":1}},"line":4}},"branchMap":{},"s":{"0":1,"1":2},"f":{"0":2},"b":{},"_coverageSchema":"43e27e138ebf9cfc5966b082cf9a028302ed4184","hash":"8aeb92f80198ed3e7ad39836494627dd4225b16c"}
,"/Users/miika/Projektit/bottlestash-frontend/src/components/AddBottle.js": {"path":"/Users/miika/Projektit/bottlestash-frontend/src/components/AddBottle.js","statementMap":{"0":{"start":{"line":14,"column":18},"end":{"line":166,"column":1}},"1":{"start":{"line":15,"column":36},"end":{"line":15,"column":51}},"2":{"start":{"line":16,"column":36},"end":{"line":16,"column":51}},"3":{"start":{"line":17,"column":32},"end":{"line":17,"column":46}},"4":{"start":{"line":18,"column":39},"end":{"line":18,"column":72}},"5":{"start":{"line":19,"column":29},"end":{"line":19,"column":62}},"6":{"start":{"line":20,"column":27},"end":{"line":20,"column":70}},"7":{"start":{"line":21,"column":31},"end":{"line":21,"column":70}},"8":{"start":{"line":22,"column":31},"end":{"line":22,"column":71}},"9":{"start":{"line":23,"column":33},"end":{"line":23,"column":71}},"10":{"start":{"line":24,"column":35},"end":{"line":24,"column":88}},"11":{"start":{"line":25,"column":41},"end":{"line":25,"column":94}},"12":{"start":{"line":27,"column":26},"end":{"line":73,"column":3}},"13":{"start":{"line":28,"column":4},"end":{"line":28,"column":26}},"14":{"start":{"line":30,"column":4},"end":{"line":33,"column":5}},"15":{"start":{"line":31,"column":6},"end":{"line":31,"column":24}},"16":{"start":{"line":32,"column":6},"end":{"line":32,"column":12}},"17":{"start":{"line":35,"column":4},"end":{"line":35,"column":22}},"18":{"start":{"line":37,"column":4},"end":{"line":72,"column":5}},"19":{"start":{"line":38,"column":20},"end":{"line":38,"column":64}},"20":{"start":{"line":40,"column":6},"end":{"line":42,"column":7}},"21":{"start":{"line":41,"column":8},"end":{"line":41,"column":69}},"22":{"start":{"line":44,"column":17},"end":{"line":44,"column":74}},"23":{"start":{"line":46,"column":6},"end":{"line":48,"column":7}},"24":{"start":{"line":47,"column":8},"end":{"line":47,"column":95}},"25":{"start":{"line":50,"column":25},"end":{"line":52,"column":14}},"26":{"start":{"line":54,"column":6},"end":{"line":62,"column":8}},"27":{"start":{"line":64,"column":19},"end":{"line":64,"column":69}},"28":{"start":{"line":66,"column":6},"end":{"line":66,"column":25}},"29":{"start":{"line":67,"column":6},"end":{"line":67,"column":55}},"30":{"start":{"line":68,"column":6},"end":{"line":68,"column":51}},"31":{"start":{"line":71,"column":6},"end":{"line":71,"column":69}},"32":{"start":{"line":75,"column":26},"end":{"line":77,"column":38}},"33":{"start":{"line":75,"column":32},"end":{"line":77,"column":38}},"34":{"start":{"line":77,"column":31},"end":{"line":77,"column":37}},"35":{"start":{"line":79,"column":22},"end":{"line":81,"column":84}},"36":{"start":{"line":79,"column":28},"end":{"line":81,"column":84}},"37":{"start":{"line":81,"column":30},"end":{"line":81,"column":66}},"38":{"start":{"line":81,"column":77},"end":{"line":81,"column":83}},"39":{"start":{"line":83,"column":20},"end":{"line":85,"column":108}},"40":{"start":{"line":83,"column":26},"end":{"line":85,"column":108}},"41":{"start":{"line":85,"column":30},"end":{"line":85,"column":91}},"42":{"start":{"line":85,"column":102},"end":{"line":85,"column":107}},"43":{"start":{"line":87,"column":4},"end":{"line":165,"column":3}},"44":{"start":{"line":168,"column":27},"end":{"line":176,"column":1}}},"fnMap":{"0":{"name":"(anonymous_0)","decl":{"start":{"line":14,"column":18},"end":{"line":14,"column":19}},"loc":{"start":{"line":14,"column":29},"end":{"line":166,"column":1}},"line":14},"1":{"name":"(anonymous_1)","decl":{"start":{"line":27,"column":26},"end":{"line":27,"column":27}},"loc":{"start":{"line":27,"column":43},"end":{"line":73,"column":3}},"line":27},"2":{"name":"(anonymous_2)","decl":{"start":{"line":75,"column":26},"end":{"line":75,"column":27}},"loc":{"start":{"line":75,"column":32},"end":{"line":77,"column":38}},"line":75},"3":{"name":"(anonymous_3)","decl":{"start":{"line":77,"column":26},"end":{"line":77,"column":27}},"loc":{"start":{"line":77,"column":31},"end":{"line":77,"column":37}},"line":77},"4":{"name":"(anonymous_4)","decl":{"start":{"line":79,"column":22},"end":{"line":79,"column":23}},"loc":{"start":{"line":79,"column":28},"end":{"line":81,"column":84}},"line":79},"5":{"name":"(anonymous_5)","decl":{"start":{"line":81,"column":25},"end":{"line":81,"column":26}},"loc":{"start":{"line":81,"column":30},"end":{"line":81,"column":66}},"line":81},"6":{"name":"(anonymous_6)","decl":{"start":{"line":81,"column":72},"end":{"line":81,"column":73}},"loc":{"start":{"line":81,"column":77},"end":{"line":81,"column":83}},"line":81},"7":{"name":"(anonymous_7)","decl":{"start":{"line":83,"column":20},"end":{"line":83,"column":21}},"loc":{"start":{"line":83,"column":26},"end":{"line":85,"column":108}},"line":83},"8":{"name":"(anonymous_8)","decl":{"start":{"line":85,"column":25},"end":{"line":85,"column":26}},"loc":{"start":{"line":85,"column":30},"end":{"line":85,"column":91}},"line":85},"9":{"name":"(anonymous_9)","decl":{"start":{"line":85,"column":97},"end":{"line":85,"column":98}},"loc":{"start":{"line":85,"column":102},"end":{"line":85,"column":107}},"line":85}},"branchMap":{"0":{"loc":{"start":{"line":30,"column":4},"end":{"line":33,"column":5}},"type":"if","locations":[{"start":{"line":30,"column":4},"end":{"line":33,"column":5}},{"start":{"line":30,"column":4},"end":{"line":33,"column":5}}],"line":30},"1":{"loc":{"start":{"line":40,"column":6},"end":{"line":42,"column":7}},"type":"if","locations":[{"start":{"line":40,"column":6},"end":{"line":42,"column":7}},{"start":{"line":40,"column":6},"end":{"line":42,"column":7}}],"line":40},"2":{"loc":{"start":{"line":46,"column":6},"end":{"line":48,"column":7}},"type":"if","locations":[{"start":{"line":46,"column":6},"end":{"line":48,"column":7}},{"start":{"line":46,"column":6},"end":{"line":48,"column":7}}],"line":46},"3":{"loc":{"start":{"line":50,"column":25},"end":{"line":52,"column":14}},"type":"cond-expr","locations":[{"start":{"line":51,"column":10},"end":{"line":51,"column":41}},{"start":{"line":52,"column":10},"end":{"line":52,"column":14}}],"line":50},"4":{"loc":{"start":{"line":61,"column":19},"end":{"line":61,"column":52}},"type":"cond-expr","locations":[{"start":{"line":61,"column":32},"end":{"line":61,"column":45}},{"start":{"line":61,"column":48},"end":{"line":61,"column":52}}],"line":61},"5":{"loc":{"start":{"line":75,"column":32},"end":{"line":77,"column":38}},"type":"cond-expr","locations":[{"start":{"line":76,"column":6},"end":{"line":76,"column":10}},{"start":{"line":77,"column":6},"end":{"line":77,"column":38}}],"line":75},"6":{"loc":{"start":{"line":79,"column":28},"end":{"line":81,"column":84}},"type":"cond-expr","locations":[{"start":{"line":80,"column":6},"end":{"line":80,"column":10}},{"start":{"line":81,"column":6},"end":{"line":81,"column":84}}],"line":79},"7":{"loc":{"start":{"line":83,"column":26},"end":{"line":85,"column":108}},"type":"cond-expr","locations":[{"start":{"line":84,"column":6},"end":{"line":84,"column":10}},{"start":{"line":85,"column":6},"end":{"line":85,"column":108}}],"line":83},"8":{"loc":{"start":{"line":85,"column":30},"end":{"line":85,"column":91}},"type":"binary-expr","locations":[{"start":{"line":85,"column":30},"end":{"line":85,"column":66}},{"start":{"line":85,"column":70},"end":{"line":85,"column":91}}],"line":85},"9":{"loc":{"start":{"line":159,"column":17},"end":{"line":159,"column":55}},"type":"cond-expr","locations":[{"start":{"line":159,"column":29},"end":{"line":159,"column":42}},{"start":{"line":159,"column":45},"end":{"line":159,"column":55}}],"line":159}},"s":{"0":0,"1":0,"2":0,"3":0,"4":0,"5":0,"6":0,"7":0,"8":0,"9":0,"10":0,"11":0,"12":0,"13":0,"14":0,"15":0,"16":0,"17":0,"18":0,"19":0,"20":0,"21":0,"22":0,"23":0,"24":0,"25":0,"26":0,"27":0,"28":0,"29":0,"30":0,"31":0,"32":0,"33":0,"34":0,"35":0,"36":0,"37":0,"38":0,"39":0,"40":0,"41":0,"42":0,"43":0,"44":0},"f":{"0":0,"1":0,"2":0,"3":0,"4":0,"5":0,"6":0,"7":0,"8":0,"9":0},"b":{"0":[0,0],"1":[0,0],"2":[0,0],"3":[0,0],"4":[0,0],"5":[0,0],"6":[0,0],"7":[0,0],"8":[0,0],"9":[0,0]},"hash":"ffc2be470c72925ee040c57ea860ac7cc8f8fcb9"}
,"/Users/miika/Projektit/bottlestash-frontend/src/components/Beer.js": {"path":"/Users/miika/Projektit/bottlestash-frontend/src/components/Beer.js","statementMap":{"0":{"start":{"line":5,"column":13},"end":{"line":38,"column":1}},"1":{"start":{"line":7,"column":2},"end":{"line":9,"column":3}},"2":{"start":{"line":8,"column":4},"end":{"line":8,"column":15}},"3":{"start":{"line":11,"column":24},"end":{"line":12,"column":39}},"4":{"start":{"line":12,"column":17},"end":{"line":12,"column":38}},"5":{"start":{"line":14,"column":22},"end":{"line":22,"column":5}},"6":{"start":{"line":15,"column":4},"end":{"line":22,"column":5}},"7":{"start":{"line":24,"column":2},"end":{"line":37,"column":3}}},"fnMap":{"0":{"name":"(anonymous_0)","decl":{"start":{"line":5,"column":13},"end":{"line":5,"column":14}},"loc":{"start":{"line":5,"column":36},"end":{"line":38,"column":1}},"line":5},"1":{"name":"(anonymous_1)","decl":{"start":{"line":12,"column":12},"end":{"line":12,"column":13}},"loc":{"start":{"line":12,"column":17},"end":{"line":12,"column":38}},"line":12},"2":{"name":"(anonymous_2)","decl":{"start":{"line":14,"column":22},"end":{"line":14,"column":23}},"loc":{"start":{"line":15,"column":4},"end":{"line":22,"column":5}},"line":15}},"branchMap":{"0":{"loc":{"start":{"line":7,"column":2},"end":{"line":9,"column":3}},"type":"if","locations":[{"start":{"line":7,"column":2},"end":{"line":9,"column":3}},{"start":{"line":7,"column":2},"end":{"line":9,"column":3}}],"line":7},"1":{"loc":{"start":{"line":32,"column":7},"end":{"line":34,"column":67}},"type":"cond-expr","locations":[{"start":{"line":33,"column":10},"end":{"line":33,"column":23}},{"start":{"line":34,"column":10},"end":{"line":34,"column":67}}],"line":32}},"s":{"0":1,"1":3,"2":0,"3":3,"4":15,"5":3,"6":3,"7":3},"f":{"0":3,"1":15,"2":3},"b":{"0":[0,3],"1":[3,0]},"_coverageSchema":"43e27e138ebf9cfc5966b082cf9a028302ed4184","hash":"f01f603f2d9def5071bf98cc683d5400c7670bad"}
,"/Users/miika/Projektit/bottlestash-frontend/src/components/Bottle.js": {"path":"/Users/miika/Projektit/bottlestash-frontend/src/components/Bottle.js","statementMap":{"0":{"start":{"line":6,"column":15},"end":{"line":31,"column":1}},"1":{"start":{"line":7,"column":2},"end":{"line":9,"column":3}},"2":{"start":{"line":8,"column":4},"end":{"line":8,"column":15}},"3":{"start":{"line":11,"column":2},"end":{"line":30,"column":3}}},"fnMap":{"0":{"name":"(anonymous_0)","decl":{"start":{"line":6,"column":15},"end":{"line":6,"column":16}},"loc":{"start":{"line":6,"column":31},"end":{"line":31,"column":1}},"line":6}},"branchMap":{"0":{"loc":{"start":{"line":7,"column":2},"end":{"line":9,"column":3}},"type":"if","locations":[{"start":{"line":7,"column":2},"end":{"line":9,"column":3}},{"start":{"line":7,"column":2},"end":{"line":9,"column":3}}],"line":7},"1":{"loc":{"start":{"line":19,"column":7},"end":{"line":22,"column":20}},"type":"binary-expr","locations":[{"start":{"line":19,"column":7},"end":{"line":19,"column":21}},{"start":{"line":20,"column":8},"end":{"line":22,"column":20}}],"line":19}},"s":{"0":4,"1":70,"2":0,"3":70},"f":{"0":70},"b":{"0":[0,70],"1":[70,68]},"_coverageSchema":"43e27e138ebf9cfc5966b082cf9a028302ed4184","hash":"498f7fa3d4e4cc76461f80f5704d9d9df11355de"}
,"/Users/miika/Projektit/bottlestash-frontend/src/components/BottleDetails.js": {"path":"/Users/miika/Projektit/bottlestash-frontend/src/components/BottleDetails.js","statementMap":{"0":{"start":{"line":10,"column":22},"end":{"line":68,"column":1}},"1":{"start":{"line":12,"column":2},"end":{"line":14,"column":3}},"2":{"start":{"line":13,"column":4},"end":{"line":13,"column":15}},"3":{"start":{"line":16,"column":17},"end":{"line":16,"column":29}},"4":{"start":{"line":18,"column":22},"end":{"line":42,"column":3}},"5":{"start":{"line":19,"column":4},"end":{"line":41,"column":5}},"6":{"start":{"line":20,"column":31},"end":{"line":23,"column":7}},"7":{"start":{"line":25,"column":6},"end":{"line":31,"column":7}},"8":{"start":{"line":26,"column":8},"end":{"line":26,"column":43}},"9":{"start":{"line":27,"column":8},"end":{"line":27,"column":81}},"10":{"start":{"line":29,"column":8},"end":{"line":29,"column":61}},"11":{"start":{"line":30,"column":8},"end":{"line":30,"column":106}},"12":{"start":{"line":33,"column":6},"end":{"line":33,"column":50}},"13":{"start":{"line":35,"column":6},"end":{"line":37,"column":7}},"14":{"start":{"line":36,"column":8},"end":{"line":36,"column":32}},"15":{"start":{"line":40,"column":6},"end":{"line":40,"column":61}},"16":{"start":{"line":44,"column":2},"end":{"line":67,"column":3}},"17":{"start":{"line":62,"column":50},"end":{"line":62,"column":68}},"18":{"start":{"line":63,"column":33},"end":{"line":63,"column":50}},"19":{"start":{"line":70,"column":27},"end":{"line":75,"column":1}}},"fnMap":{"0":{"name":"(anonymous_0)","decl":{"start":{"line":10,"column":22},"end":{"line":10,"column":23}},"loc":{"start":{"line":10,"column":33},"end":{"line":68,"column":1}},"line":10},"1":{"name":"(anonymous_1)","decl":{"start":{"line":18,"column":22},"end":{"line":18,"column":23}},"loc":{"start":{"line":18,"column":45},"end":{"line":42,"column":3}},"line":18},"2":{"name":"(anonymous_2)","decl":{"start":{"line":62,"column":44},"end":{"line":62,"column":45}},"loc":{"start":{"line":62,"column":50},"end":{"line":62,"column":68}},"line":62},"3":{"name":"(anonymous_3)","decl":{"start":{"line":63,"column":27},"end":{"line":63,"column":28}},"loc":{"start":{"line":63,"column":33},"end":{"line":63,"column":50}},"line":63}},"branchMap":{"0":{"loc":{"start":{"line":12,"column":2},"end":{"line":14,"column":3}},"type":"if","locations":[{"start":{"line":12,"column":2},"end":{"line":14,"column":3}},{"start":{"line":12,"column":2},"end":{"line":14,"column":3}}],"line":12},"1":{"loc":{"start":{"line":25,"column":6},"end":{"line":31,"column":7}},"type":"if","locations":[{"start":{"line":25,"column":6},"end":{"line":31,"column":7}},{"start":{"line":25,"column":6},"end":{"line":31,"column":7}}],"line":25},"2":{"loc":{"start":{"line":35,"column":6},"end":{"line":37,"column":7}},"type":"if","locations":[{"start":{"line":35,"column":6},"end":{"line":37,"column":7}},{"start":{"line":35,"column":6},"end":{"line":37,"column":7}}],"line":35},"3":{"loc":{"start":{"line":52,"column":19},"end":{"line":52,"column":52}},"type":"cond-expr","locations":[{"start":{"line":52,"column":34},"end":{"line":52,"column":46}},{"start":{"line":52,"column":49},"end":{"line":52,"column":52}}],"line":52},"4":{"loc":{"start":{"line":54,"column":21},"end":{"line":54,"column":87}},"type":"cond-expr","locations":[{"start":{"line":54,"column":38},"end":{"line":54,"column":81}},{"start":{"line":54,"column":84},"end":{"line":54,"column":87}}],"line":54},"5":{"loc":{"start":{"line":55,"column":21},"end":{"line":55,"column":93}},"type":"cond-expr","locations":[{"start":{"line":55,"column":41},"end":{"line":55,"column":87}},{"start":{"line":55,"column":90},"end":{"line":55,"column":93}}],"line":55},"6":{"loc":{"start":{"line":56,"column":23},"end":{"line":56,"column":103}},"type":"cond-expr","locations":[{"start":{"line":56,"column":40},"end":{"line":56,"column":97}},{"start":{"line":56,"column":100},"end":{"line":56,"column":103}}],"line":56},"7":{"loc":{"start":{"line":60,"column":7},"end":{"line":64,"column":23}},"type":"binary-expr","locations":[{"start":{"line":60,"column":7},"end":{"line":60,"column":56}},{"start":{"line":61,"column":8},"end":{"line":64,"column":23}}],"line":60}},"s":{"0":2,"1":12,"2":8,"3":4,"4":4,"5":0,"6":0,"7":0,"8":0,"9":0,"10":0,"11":0,"12":0,"13":0,"14":0,"15":0,"16":4,"17":0,"18":0,"19":2},"f":{"0":12,"1":0,"2":0,"3":0},"b":{"0":[8,4],"1":[0,0],"2":[0,0],"3":[4,0],"4":[4,0],"5":[4,0],"6":[4,0],"7":[4,4]},"_coverageSchema":"43e27e138ebf9cfc5966b082cf9a028302ed4184","hash":"5a2adadfc9c86e7d54343c9ffa3591dffc051268"}
,"/Users/miika/Projektit/bottlestash-frontend/src/components/BottlesTable.js": {"path":"/Users/miika/Projektit/bottlestash-frontend/src/components/BottlesTable.js","statementMap":{"0":{"start":{"line":6,"column":21},"end":{"line":57,"column":1}},"1":{"start":{"line":7,"column":32},"end":{"line":7,"column":47}},"2":{"start":{"line":8,"column":30},"end":{"line":8,"column":44}},"3":{"start":{"line":10,"column":2},"end":{"line":12,"column":3}},"4":{"start":{"line":11,"column":4},"end":{"line":11,"column":15}},"5":{"start":{"line":14,"column":27},"end":{"line":16,"column":3}},"6":{"start":{"line":15,"column":4},"end":{"line":15,"column":24}},"7":{"start":{"line":18,"column":28},"end":{"line":21,"column":3}},"8":{"start":{"line":19,"column":4},"end":{"line":19,"column":16}},"9":{"start":{"line":20,"column":4},"end":{"line":20,"column":20}},"10":{"start":{"line":23,"column":2},"end":{"line":56,"column":3}},"11":{"start":{"line":36,"column":12},"end":{"line":44,"column":17}},"12":{"start":{"line":38,"column":29},"end":{"line":38,"column":49}}},"fnMap":{"0":{"name":"(anonymous_0)","decl":{"start":{"line":6,"column":21},"end":{"line":6,"column":22}},"loc":{"start":{"line":6,"column":32},"end":{"line":57,"column":1}},"line":6},"1":{"name":"(anonymous_1)","decl":{"start":{"line":14,"column":27},"end":{"line":14,"column":28}},"loc":{"start":{"line":14,"column":33},"end":{"line":16,"column":3}},"line":14},"2":{"name":"(anonymous_2)","decl":{"start":{"line":18,"column":28},"end":{"line":18,"column":29}},"loc":{"start":{"line":18,"column":35},"end":{"line":21,"column":3}},"line":18},"3":{"name":"(anonymous_3)","decl":{"start":{"line":35,"column":27},"end":{"line":35,"column":28}},"loc":{"start":{"line":36,"column":12},"end":{"line":44,"column":17}},"line":36},"4":{"name":"(anonymous_4)","decl":{"start":{"line":38,"column":23},"end":{"line":38,"column":24}},"loc":{"start":{"line":38,"column":29},"end":{"line":38,"column":49}},"line":38}},"branchMap":{"0":{"loc":{"start":{"line":10,"column":2},"end":{"line":12,"column":3}},"type":"if","locations":[{"start":{"line":10,"column":2},"end":{"line":12,"column":3}},{"start":{"line":10,"column":2},"end":{"line":12,"column":3}}],"line":10},"1":{"loc":{"start":{"line":43,"column":34},"end":{"line":43,"column":93}},"type":"cond-expr","locations":[{"start":{"line":43,"column":78},"end":{"line":43,"column":83}},{"start":{"line":43,"column":86},"end":{"line":43,"column":93}}],"line":43},"2":{"loc":{"start":{"line":43,"column":97},"end":{"line":43,"column":148}},"type":"cond-expr","locations":[{"start":{"line":43,"column":112},"end":{"line":43,"column":142}},{"start":{"line":43,"column":145},"end":{"line":43,"column":148}}],"line":43}},"s":{"0":1,"1":8,"2":8,"3":8,"4":0,"5":8,"6":0,"7":8,"8":0,"9":0,"10":8,"11":16,"12":0},"f":{"0":8,"1":0,"2":0,"3":16,"4":0},"b":{"0":[0,8],"1":[8,8],"2":[16,0]},"_coverageSchema":"43e27e138ebf9cfc5966b082cf9a028302ed4184","hash":"b8bf9c49b1f0b36c5acdc4f3ae7d2747f16e6594"}
,"/Users/miika/Projektit/bottlestash-frontend/src/components/Brewery.js": {"path":"/Users/miika/Projektit/bottlestash-frontend/src/components/Brewery.js","statementMap":{"0":{"start":{"line":5,"column":16},"end":{"line":36,"column":1}},"1":{"start":{"line":7,"column":2},"end":{"line":9,"column":3}},"2":{"start":{"line":8,"column":4},"end":{"line":8,"column":15}},"3":{"start":{"line":11,"column":2},"end":{"line":35,"column":3}},"4":{"start":{"line":27,"column":14},"end":{"line":29,"column":31}}},"fnMap":{"0":{"name":"(anonymous_0)","decl":{"start":{"line":5,"column":16},"end":{"line":5,"column":17}},"loc":{"start":{"line":5,"column":33},"end":{"line":36,"column":1}},"line":5},"1":{"name":"(anonymous_1)","decl":{"start":{"line":26,"column":31},"end":{"line":26,"column":32}},"loc":{"start":{"line":27,"column":14},"end":{"line":29,"column":31}},"line":27}},"branchMap":{"0":{"loc":{"start":{"line":7,"column":2},"end":{"line":9,"column":3}},"type":"if","locations":[{"start":{"line":7,"column":2},"end":{"line":9,"column":3}},{"start":{"line":7,"column":2},"end":{"line":9,"column":3}}],"line":7}},"s":{"0":1,"1":3,"2":0,"3":3,"4":9},"f":{"0":3,"1":9},"b":{"0":[0,3]},"_coverageSchema":"43e27e138ebf9cfc5966b082cf9a028302ed4184","hash":"5bb4fcb7c1770837209dbc6c2350c7d6ca90e39a"}
,"/Users/miika/Projektit/bottlestash-frontend/src/components/Footer.js": {"path":"/Users/miika/Projektit/bottlestash-frontend/src/components/Footer.js","statementMap":{"0":{"start":{"line":5,"column":15},"end":{"line":28,"column":1}},"1":{"start":{"line":6,"column":2},"end":{"line":27,"column":3}}},"fnMap":{"0":{"name":"(anonymous_0)","decl":{"start":{"line":5,"column":15},"end":{"line":5,"column":16}},"loc":{"start":{"line":5,"column":26},"end":{"line":28,"column":1}},"line":5}},"branchMap":{},"s":{"0":1,"1":4},"f":{"0":4},"b":{},"_coverageSchema":"43e27e138ebf9cfc5966b082cf9a028302ed4184","hash":"7129a5dadfdcddcb40ff5174ad9afd546fec92f5"}
,"/Users/miika/Projektit/bottlestash-frontend/src/components/Home.js": {"path":"/Users/miika/Projektit/bottlestash-frontend/src/components/Home.js","statementMap":{"0":{"start":{"line":6,"column":13},"end":{"line":97,"column":1}},"1":{"start":{"line":8,"column":18},"end":{"line":8,"column":54}},"2":{"start":{"line":8,"column":28},"end":{"line":8,"column":54}},"3":{"start":{"line":9,"column":19},"end":{"line":9,"column":38}},"4":{"start":{"line":9,"column":24},"end":{"line":9,"column":38}},"5":{"start":{"line":11,"column":24},"end":{"line":11,"column":68}},"6":{"start":{"line":12,"column":24},"end":{"line":12,"column":51}},"7":{"start":{"line":14,"column":27},"end":{"line":31,"column":3}},"8":{"start":{"line":15,"column":4},"end":{"line":30,"column":5}},"9":{"start":{"line":33,"column":24},"end":{"line":77,"column":3}},"10":{"start":{"line":34,"column":4},"end":{"line":76,"column":5}},"11":{"start":{"line":79,"column":2},"end":{"line":96,"column":3}}},"fnMap":{"0":{"name":"(anonymous_0)","decl":{"start":{"line":6,"column":13},"end":{"line":6,"column":14}},"loc":{"start":{"line":6,"column":24},"end":{"line":97,"column":1}},"line":6},"1":{"name":"(anonymous_1)","decl":{"start":{"line":8,"column":18},"end":{"line":8,"column":19}},"loc":{"start":{"line":8,"column":28},"end":{"line":8,"column":54}},"line":8},"2":{"name":"(anonymous_2)","decl":{"start":{"line":9,"column":19},"end":{"line":9,"column":20}},"loc":{"start":{"line":9,"column":24},"end":{"line":9,"column":38}},"line":9},"3":{"name":"(anonymous_3)","decl":{"start":{"line":14,"column":27},"end":{"line":14,"column":28}},"loc":{"start":{"line":14,"column":33},"end":{"line":31,"column":3}},"line":14},"4":{"name":"(anonymous_4)","decl":{"start":{"line":33,"column":24},"end":{"line":33,"column":25}},"loc":{"start":{"line":33,"column":30},"end":{"line":77,"column":3}},"line":33}},"branchMap":{"0":{"loc":{"start":{"line":8,"column":28},"end":{"line":8,"column":54}},"type":"cond-expr","locations":[{"start":{"line":8,"column":48},"end":{"line":8,"column":49}},{"start":{"line":8,"column":52},"end":{"line":8,"column":54}}],"line":8},"1":{"loc":{"start":{"line":89,"column":7},"end":{"line":91,"column":25}},"type":"cond-expr","locations":[{"start":{"line":90,"column":10},"end":{"line":90,"column":28}},{"start":{"line":91,"column":10},"end":{"line":91,"column":25}}],"line":89}},"s":{"0":1,"1":7,"2":63,"3":7,"4":49,"5":7,"6":7,"7":7,"8":4,"9":7,"10":3,"11":7},"f":{"0":7,"1":63,"2":49,"3":4,"4":3},"b":{"0":[0,63],"1":[4,3]},"_coverageSchema":"43e27e138ebf9cfc5966b082cf9a028302ed4184","hash":"daa2fdb12edfac790789278d15b10168134baf7b"}
,"/Users/miika/Projektit/bottlestash-frontend/src/components/ImageInputGroup.js": {"path":"/Users/miika/Projektit/bottlestash-frontend/src/components/ImageInputGroup.js","statementMap":{"0":{"start":{"line":4,"column":24},"end":{"line":26,"column":1}},"1":{"start":{"line":5,"column":2},"end":{"line":25,"column":3}},"2":{"start":{"line":13,"column":34},"end":{"line":13,"column":67}},"3":{"start":{"line":16,"column":46},"end":{"line":16,"column":68}}},"fnMap":{"0":{"name":"(anonymous_0)","decl":{"start":{"line":4,"column":24},"end":{"line":4,"column":25}},"loc":{"start":{"line":4,"column":35},"end":{"line":26,"column":1}},"line":4},"1":{"name":"(anonymous_1)","decl":{"start":{"line":13,"column":18},"end":{"line":13,"column":19}},"loc":{"start":{"line":13,"column":34},"end":{"line":13,"column":67}},"line":13},"2":{"name":"(anonymous_2)","decl":{"start":{"line":16,"column":40},"end":{"line":16,"column":41}},"loc":{"start":{"line":16,"column":46},"end":{"line":16,"column":68}},"line":16}},"branchMap":{"0":{"loc":{"start":{"line":15,"column":7},"end":{"line":22,"column":15}},"type":"binary-expr","locations":[{"start":{"line":15,"column":7},"end":{"line":15,"column":20}},{"start":{"line":16,"column":8},"end":{"line":22,"column":15}}],"line":15}},"s":{"0":0,"1":0,"2":0,"3":0},"f":{"0":0,"1":0,"2":0},"b":{"0":[0,0]},"hash":"f645afa2f70daac62b68192eb46d3f57f969d28a"}
,"/Users/miika/Projektit/bottlestash-frontend/src/components/InputGroup.js": {"path":"/Users/miika/Projektit/bottlestash-frontend/src/components/InputGroup.js","statementMap":{"0":{"start":{"line":5,"column":19},"end":{"line":11,"column":15}},"1":{"start":{"line":6,"column":2},"end":{"line":11,"column":15}}},"fnMap":{"0":{"name":"(anonymous_0)","decl":{"start":{"line":5,"column":19},"end":{"line":5,"column":20}},"loc":{"start":{"line":6,"column":2},"end":{"line":11,"column":15}},"line":6}},"branchMap":{},"s":{"0":1,"1":8},"f":{"0":8},"b":{},"_coverageSchema":"43e27e138ebf9cfc5966b082cf9a028302ed4184","hash":"699e2c8e17a95e17b754f67eb7d101197ea7061e"}
,"/Users/miika/Projektit/bottlestash-frontend/src/components/ListSuggestion.js": {"path":"/Users/miika/Projektit/bottlestash-frontend/src/components/ListSuggestion.js","statementMap":{"0":{"start":{"line":3,"column":23},"end":{"line":14,"column":1}},"1":{"start":{"line":5,"column":28},"end":{"line":5,"column":61}},"2":{"start":{"line":7,"column":2},"end":{"line":13,"column":3}},"3":{"start":{"line":10,"column":8},"end":{"line":10,"column":44}}},"fnMap":{"0":{"name":"(anonymous_0)","decl":{"start":{"line":3,"column":23},"end":{"line":3,"column":24}},"loc":{"start":{"line":3,"column":34},"end":{"line":14,"column":1}},"line":3},"1":{"name":"(anonymous_1)","decl":{"start":{"line":9,"column":29},"end":{"line":9,"column":30}},"loc":{"start":{"line":10,"column":8},"end":{"line":10,"column":44}},"line":10}},"branchMap":{},"s":{"0":1,"1":8,"2":8,"3":0},"f":{"0":8,"1":0},"b":{},"_coverageSchema":"43e27e138ebf9cfc5966b082cf9a028302ed4184","hash":"c2f6d00d8a489cdb151c3f995bfc48ad03cedfbc"}
,"/Users/miika/Projektit/bottlestash-frontend/src/components/Login.js": {"path":"/Users/miika/Projektit/bottlestash-frontend/src/components/Login.js","statementMap":{"0":{"start":{"line":11,"column":14},"end":{"line":68,"column":1}},"1":{"start":{"line":12,"column":36},"end":{"line":12,"column":51}},"2":{"start":{"line":13,"column":37},"end":{"line":13,"column":70}},"3":{"start":{"line":14,"column":37},"end":{"line":14,"column":74}},"4":{"start":{"line":16,"column":22},"end":{"line":30,"column":3}},"5":{"start":{"line":17,"column":4},"end":{"line":17,"column":26}},"6":{"start":{"line":19,"column":4},"end":{"line":22,"column":5}},"7":{"start":{"line":20,"column":6},"end":{"line":20,"column":24}},"8":{"start":{"line":21,"column":6},"end":{"line":21,"column":12}},"9":{"start":{"line":24,"column":4},"end":{"line":29,"column":5}},"10":{"start":{"line":25,"column":6},"end":{"line":25,"column":83}},"11":{"start":{"line":26,"column":6},"end":{"line":26,"column":29}},"12":{"start":{"line":28,"column":6},"end":{"line":28,"column":52}},"13":{"start":{"line":32,"column":2},"end":{"line":67,"column":3}},"14":{"start":{"line":70,"column":27},"end":{"line":72,"column":1}}},"fnMap":{"0":{"name":"(anonymous_0)","decl":{"start":{"line":11,"column":14},"end":{"line":11,"column":15}},"loc":{"start":{"line":11,"column":25},"end":{"line":68,"column":1}},"line":11},"1":{"name":"(anonymous_1)","decl":{"start":{"line":16,"column":22},"end":{"line":16,"column":23}},"loc":{"start":{"line":16,"column":39},"end":{"line":30,"column":3}},"line":16}},"branchMap":{"0":{"loc":{"start":{"line":19,"column":4},"end":{"line":22,"column":5}},"type":"if","locations":[{"start":{"line":19,"column":4},"end":{"line":22,"column":5}},{"start":{"line":19,"column":4},"end":{"line":22,"column":5}}],"line":19}},"s":{"0":1,"1":4,"2":4,"3":4,"4":4,"5":1,"6":1,"7":0,"8":0,"9":1,"10":1,"11":0,"12":1,"13":4,"14":1},"f":{"0":4,"1":1},"b":{"0":[0,1]},"_coverageSchema":"43e27e138ebf9cfc5966b082cf9a028302ed4184","hash":"3d397842b6c88b7a1f353dd507551366bd52c32b"}
,"/Users/miika/Projektit/bottlestash-frontend/src/components/Navigation.js": {"path":"/Users/miika/Projektit/bottlestash-frontend/src/components/Navigation.js","statementMap":{"0":{"start":{"line":10,"column":19},"end":{"line":96,"column":1}},"1":{"start":{"line":12,"column":23},"end":{"line":20,"column":3}},"2":{"start":{"line":13,"column":4},"end":{"line":19,"column":5}},"3":{"start":{"line":14,"column":6},"end":{"line":14,"column":24}},"4":{"start":{"line":15,"column":6},"end":{"line":15,"column":53}},"5":{"start":{"line":16,"column":6},"end":{"line":16,"column":29}},"6":{"start":{"line":18,"column":6},"end":{"line":18,"column":54}},"7":{"start":{"line":22,"column":23},"end":{"line":27,"column":3}},"8":{"start":{"line":23,"column":4},"end":{"line":23,"column":22}},"9":{"start":{"line":24,"column":4},"end":{"line":24,"column":42}},"10":{"start":{"line":25,"column":4},"end":{"line":25,"column":30}},"11":{"start":{"line":26,"column":4},"end":{"line":26,"column":33}},"12":{"start":{"line":29,"column":2},"end":{"line":95,"column":3}},"13":{"start":{"line":98,"column":27},"end":{"line":100,"column":1}}},"fnMap":{"0":{"name":"(anonymous_0)","decl":{"start":{"line":10,"column":19},"end":{"line":10,"column":20}},"loc":{"start":{"line":10,"column":30},"end":{"line":96,"column":1}},"line":10},"1":{"name":"(anonymous_1)","decl":{"start":{"line":12,"column":23},"end":{"line":12,"column":24}},"loc":{"start":{"line":12,"column":29},"end":{"line":20,"column":3}},"line":12},"2":{"name":"(anonymous_2)","decl":{"start":{"line":22,"column":23},"end":{"line":22,"column":24}},"loc":{"start":{"line":22,"column":30},"end":{"line":27,"column":3}},"line":22}},"branchMap":{"0":{"loc":{"start":{"line":40,"column":15},"end":{"line":48,"column":17}},"type":"binary-expr","locations":[{"start":{"line":40,"column":15},"end":{"line":40,"column":26}},{"start":{"line":41,"column":14},"end":{"line":48,"column":17}}],"line":40},"1":{"loc":{"start":{"line":51,"column":15},"end":{"line":68,"column":17}},"type":"binary-expr","locations":[{"start":{"line":51,"column":15},"end":{"line":51,"column":25}},{"start":{"line":52,"column":14},"end":{"line":68,"column":17}}],"line":51},"2":{"loc":{"start":{"line":63,"column":17},"end":{"line":66,"column":29}},"type":"binary-expr","locations":[{"start":{"line":63,"column":17},"end":{"line":63,"column":36}},{"start":{"line":64,"column":18},"end":{"line":66,"column":29}}],"line":63},"3":{"loc":{"start":{"line":72,"column":13},"end":{"line":89,"column":15}},"type":"binary-expr","locations":[{"start":{"line":72,"column":13},"end":{"line":72,"column":23}},{"start":{"line":73,"column":12},"end":{"line":89,"column":15}}],"line":72},"4":{"loc":{"start":{"line":74,"column":15},"end":{"line":83,"column":26}},"type":"binary-expr","locations":[{"start":{"line":74,"column":15},"end":{"line":74,"column":33}},{"start":{"line":75,"column":16},"end":{"line":83,"column":26}}],"line":74}},"s":{"0":0,"1":0,"2":0,"3":0,"4":0,"5":0,"6":0,"7":0,"8":0,"9":0,"10":0,"11":0,"12":0,"13":0},"f":{"0":0,"1":0,"2":0},"b":{"0":[0,0],"1":[0,0],"2":[0,0],"3":[0,0],"4":[0,0]},"hash":"b8adda7af7becd8f6592747fa204eae884e8b9b6"}
,"/Users/miika/Projektit/bottlestash-frontend/src/components/Notification.js": {"path":"/Users/miika/Projektit/bottlestash-frontend/src/components/Notification.js","statementMap":{"0":{"start":{"line":5,"column":21},"end":{"line":17,"column":1}},"1":{"start":{"line":6,"column":2},"end":{"line":8,"column":3}},"2":{"start":{"line":7,"column":4},"end":{"line":7,"column":15}},"3":{"start":{"line":10,"column":2},"end":{"line":16,"column":3}},"4":{"start":{"line":19,"column":24},"end":{"line":23,"column":1}},"5":{"start":{"line":20,"column":2},"end":{"line":22,"column":3}}},"fnMap":{"0":{"name":"(anonymous_0)","decl":{"start":{"line":5,"column":21},"end":{"line":5,"column":22}},"loc":{"start":{"line":5,"column":32},"end":{"line":17,"column":1}},"line":5},"1":{"name":"(anonymous_1)","decl":{"start":{"line":19,"column":24},"end":{"line":19,"column":25}},"loc":{"start":{"line":19,"column":35},"end":{"line":23,"column":1}},"line":19}},"branchMap":{"0":{"loc":{"start":{"line":6,"column":2},"end":{"line":8,"column":3}},"type":"if","locations":[{"start":{"line":6,"column":2},"end":{"line":8,"column":3}},{"start":{"line":6,"column":2},"end":{"line":8,"column":3}}],"line":6},"1":{"loc":{"start":{"line":12,"column":62},"end":{"line":12,"column":122}},"type":"cond-expr","locations":[{"start":{"line":12,"column":102},"end":{"line":12,"column":111}},{"start":{"line":12,"column":114},"end":{"line":12,"column":122}}],"line":12}},"s":{"0":0,"1":0,"2":0,"3":0,"4":0,"5":0},"f":{"0":0,"1":0},"b":{"0":[0,0],"1":[0,0]},"hash":"11962f5b742c07d6c5543fbb53e417f6accefa0e"}
,"/Users/miika/Projektit/bottlestash-frontend/src/components/Profile.js": {"path":"/Users/miika/Projektit/bottlestash-frontend/src/components/Profile.js","statementMap":{"0":{"start":{"line":13,"column":16},"end":{"line":148,"column":1}},"1":{"start":{"line":14,"column":36},"end":{"line":14,"column":51}},"2":{"start":{"line":15,"column":32},"end":{"line":15,"column":46}},"3":{"start":{"line":16,"column":38},"end":{"line":16,"column":71}},"4":{"start":{"line":17,"column":41},"end":{"line":17,"column":74}},"5":{"start":{"line":18,"column":38},"end":{"line":18,"column":72}},"6":{"start":{"line":19,"column":47},"end":{"line":19,"column":81}},"7":{"start":{"line":20,"column":30},"end":{"line":20,"column":45}},"8":{"start":{"line":22,"column":2},"end":{"line":28,"column":137}},"9":{"start":{"line":23,"column":4},"end":{"line":23,"column":34}},"10":{"start":{"line":24,"column":4},"end":{"line":24,"column":36}},"11":{"start":{"line":25,"column":4},"end":{"line":25,"column":34}},"12":{"start":{"line":26,"column":4},"end":{"line":26,"column":40}},"13":{"start":{"line":27,"column":4},"end":{"line":27,"column":32}},"14":{"start":{"line":30,"column":2},"end":{"line":32,"column":3}},"15":{"start":{"line":31,"column":4},"end":{"line":31,"column":15}},"16":{"start":{"line":34,"column":30},"end":{"line":62,"column":3}},"17":{"start":{"line":35,"column":4},"end":{"line":35,"column":26}},"18":{"start":{"line":37,"column":4},"end":{"line":40,"column":5}},"19":{"start":{"line":38,"column":6},"end":{"line":38,"column":24}},"20":{"start":{"line":39,"column":6},"end":{"line":39,"column":12}},"21":{"start":{"line":42,"column":4},"end":{"line":61,"column":5}},"22":{"start":{"line":43,"column":25},"end":{"line":45,"column":14}},"23":{"start":{"line":47,"column":29},"end":{"line":54,"column":7}},"24":{"start":{"line":56,"column":6},"end":{"line":56,"column":59}},"25":{"start":{"line":57,"column":6},"end":{"line":57,"column":45}},"26":{"start":{"line":60,"column":6},"end":{"line":60,"column":62}},"27":{"start":{"line":64,"column":23},"end":{"line":76,"column":3}},"28":{"start":{"line":65,"column":4},"end":{"line":75,"column":5}},"29":{"start":{"line":66,"column":6},"end":{"line":74,"column":7}},"30":{"start":{"line":67,"column":8},"end":{"line":67,"column":45}},"31":{"start":{"line":68,"column":8},"end":{"line":68,"column":32}},"32":{"start":{"line":69,"column":8},"end":{"line":69,"column":71}},"33":{"start":{"line":70,"column":8},"end":{"line":70,"column":31}},"34":{"start":{"line":73,"column":8},"end":{"line":73,"column":70}},"35":{"start":{"line":78,"column":2},"end":{"line":147,"column":3}},"36":{"start":{"line":138,"column":42},"end":{"line":138,"column":67}},"37":{"start":{"line":150,"column":27},"end":{"line":156,"column":1}}},"fnMap":{"0":{"name":"(anonymous_0)","decl":{"start":{"line":13,"column":16},"end":{"line":13,"column":17}},"loc":{"start":{"line":13,"column":27},"end":{"line":148,"column":1}},"line":13},"1":{"name":"(anonymous_1)","decl":{"start":{"line":22,"column":12},"end":{"line":22,"column":13}},"loc":{"start":{"line":22,"column":18},"end":{"line":28,"column":3}},"line":22},"2":{"name":"(anonymous_2)","decl":{"start":{"line":34,"column":30},"end":{"line":34,"column":31}},"loc":{"start":{"line":34,"column":47},"end":{"line":62,"column":3}},"line":34},"3":{"name":"(anonymous_3)","decl":{"start":{"line":64,"column":23},"end":{"line":64,"column":24}},"loc":{"start":{"line":64,"column":35},"end":{"line":76,"column":3}},"line":64},"4":{"name":"(anonymous_4)","decl":{"start":{"line":138,"column":26},"end":{"line":138,"column":27}},"loc":{"start":{"line":138,"column":42},"end":{"line":138,"column":67}},"line":138}},"branchMap":{"0":{"loc":{"start":{"line":23,"column":12},"end":{"line":23,"column":33}},"type":"binary-expr","locations":[{"start":{"line":23,"column":12},"end":{"line":23,"column":27}},{"start":{"line":23,"column":31},"end":{"line":23,"column":33}}],"line":23},"1":{"loc":{"start":{"line":24,"column":13},"end":{"line":24,"column":35}},"type":"binary-expr","locations":[{"start":{"line":24,"column":13},"end":{"line":24,"column":29}},{"start":{"line":24,"column":33},"end":{"line":24,"column":35}}],"line":24},"2":{"loc":{"start":{"line":25,"column":12},"end":{"line":25,"column":33}},"type":"binary-expr","locations":[{"start":{"line":25,"column":12},"end":{"line":25,"column":27}},{"start":{"line":25,"column":31},"end":{"line":25,"column":33}}],"line":25},"3":{"loc":{"start":{"line":26,"column":15},"end":{"line":26,"column":39}},"type":"binary-expr","locations":[{"start":{"line":26,"column":15},"end":{"line":26,"column":33}},{"start":{"line":26,"column":37},"end":{"line":26,"column":39}}],"line":26},"4":{"loc":{"start":{"line":30,"column":2},"end":{"line":32,"column":3}},"type":"if","locations":[{"start":{"line":30,"column":2},"end":{"line":32,"column":3}},{"start":{"line":30,"column":2},"end":{"line":32,"column":3}}],"line":30},"5":{"loc":{"start":{"line":37,"column":4},"end":{"line":40,"column":5}},"type":"if","locations":[{"start":{"line":37,"column":4},"end":{"line":40,"column":5}},{"start":{"line":37,"column":4},"end":{"line":40,"column":5}}],"line":37},"6":{"loc":{"start":{"line":43,"column":25},"end":{"line":45,"column":14}},"type":"cond-expr","locations":[{"start":{"line":44,"column":10},"end":{"line":44,"column":41}},{"start":{"line":45,"column":10},"end":{"line":45,"column":14}}],"line":43},"7":{"loc":{"start":{"line":52,"column":19},"end":{"line":52,"column":52}},"type":"cond-expr","locations":[{"start":{"line":52,"column":32},"end":{"line":52,"column":45}},{"start":{"line":52,"column":48},"end":{"line":52,"column":52}}],"line":52},"8":{"loc":{"start":{"line":65,"column":4},"end":{"line":75,"column":5}},"type":"if","locations":[{"start":{"line":65,"column":4},"end":{"line":75,"column":5}},{"start":{"line":65,"column":4},"end":{"line":75,"column":5}}],"line":65}},"s":{"0":0,"1":0,"2":0,"3":0,"4":0,"5":0,"6":0,"7":0,"8":0,"9":0,"10":0,"11":0,"12":0,"13":0,"14":0,"15":0,"16":0,"17":0,"18":0,"19":0,"20":0,"21":0,"22":0,"23":0,"24":0,"25":0,"26":0,"27":0,"28":0,"29":0,"30":0,"31":0,"32":0,"33":0,"34":0,"35":0,"36":0,"37":0},"f":{"0":0,"1":0,"2":0,"3":0,"4":0},"b":{"0":[0,0],"1":[0,0],"2":[0,0],"3":[0,0],"4":[0,0],"5":[0,0],"6":[0,0],"7":[0,0],"8":[0,0]},"hash":"fd0aabfa0e4bd6a3dc8a02e6600faf4e47ead2b9"}
,"/Users/miika/Projektit/bottlestash-frontend/src/components/Rate.js": {"path":"/Users/miika/Projektit/bottlestash-frontend/src/components/Rate.js","statementMap":{"0":{"start":{"line":15,"column":13},"end":{"line":167,"column":1}},"1":{"start":{"line":16,"column":36},"end":{"line":16,"column":51}},"2":{"start":{"line":17,"column":32},"end":{"line":17,"column":46}},"3":{"start":{"line":18,"column":46},"end":{"line":18,"column":79}},"4":{"start":{"line":19,"column":55},"end":{"line":19,"column":88}},"5":{"start":{"line":20,"column":43},"end":{"line":20,"column":79}},"6":{"start":{"line":21,"column":47},"end":{"line":21,"column":90}},"7":{"start":{"line":22,"column":47},"end":{"line":22,"column":107}},"8":{"start":{"line":23,"column":30},"end":{"line":23,"column":69}},"9":{"start":{"line":24,"column":30},"end":{"line":24,"column":69}},"10":{"start":{"line":25,"column":40},"end":{"line":25,"column":78}},"11":{"start":{"line":26,"column":38},"end":{"line":26,"column":76}},"12":{"start":{"line":27,"column":34},"end":{"line":27,"column":73}},"13":{"start":{"line":29,"column":2},"end":{"line":45,"column":142}},"14":{"start":{"line":30,"column":4},"end":{"line":39,"column":5}},"15":{"start":{"line":31,"column":21},"end":{"line":31,"column":48}},"16":{"start":{"line":33,"column":6},"end":{"line":33,"column":35}},"17":{"start":{"line":34,"column":6},"end":{"line":34,"column":46}},"18":{"start":{"line":35,"column":6},"end":{"line":35,"column":33}},"19":{"start":{"line":36,"column":6},"end":{"line":38,"column":7}},"20":{"start":{"line":37,"column":8},"end":{"line":37,"column":63}},"21":{"start":{"line":40,"column":4},"end":{"line":40,"column":15}},"22":{"start":{"line":41,"column":4},"end":{"line":41,"column":15}},"23":{"start":{"line":42,"column":4},"end":{"line":42,"column":19}},"24":{"start":{"line":43,"column":4},"end":{"line":43,"column":20}},"25":{"start":{"line":44,"column":4},"end":{"line":44,"column":18}},"26":{"start":{"line":47,"column":21},"end":{"line":95,"column":3}},"27":{"start":{"line":48,"column":4},"end":{"line":48,"column":26}},"28":{"start":{"line":50,"column":4},"end":{"line":53,"column":5}},"29":{"start":{"line":51,"column":6},"end":{"line":51,"column":24}},"30":{"start":{"line":52,"column":6},"end":{"line":52,"column":12}},"31":{"start":{"line":55,"column":4},"end":{"line":94,"column":5}},"32":{"start":{"line":56,"column":17},"end":{"line":56,"column":21}},"33":{"start":{"line":58,"column":6},"end":{"line":70,"column":7}},"34":{"start":{"line":59,"column":22},"end":{"line":59,"column":66}},"35":{"start":{"line":61,"column":8},"end":{"line":63,"column":9}},"36":{"start":{"line":62,"column":10},"end":{"line":62,"column":71}},"37":{"start":{"line":65,"column":8},"end":{"line":65,"column":80}},"38":{"start":{"line":67,"column":8},"end":{"line":69,"column":9}},"39":{"start":{"line":68,"column":10},"end":{"line":68,"column":105}},"40":{"start":{"line":72,"column":25},"end":{"line":74,"column":14}},"41":{"start":{"line":76,"column":24},"end":{"line":86,"column":7}},"42":{"start":{"line":88,"column":6},"end":{"line":88,"column":32}},"43":{"start":{"line":89,"column":6},"end":{"line":89,"column":48}},"44":{"start":{"line":90,"column":6},"end":{"line":90,"column":29}},"45":{"start":{"line":93,"column":6},"end":{"line":93,"column":67}},"46":{"start":{"line":97,"column":2},"end":{"line":166,"column":3}},"47":{"start":{"line":169,"column":27},"end":{"line":177,"column":1}}},"fnMap":{"0":{"name":"(anonymous_0)","decl":{"start":{"line":15,"column":13},"end":{"line":15,"column":14}},"loc":{"start":{"line":15,"column":24},"end":{"line":167,"column":1}},"line":15},"1":{"name":"(anonymous_1)","decl":{"start":{"line":29,"column":12},"end":{"line":29,"column":13}},"loc":{"start":{"line":29,"column":18},"end":{"line":45,"column":3}},"line":29},"2":{"name":"(anonymous_2)","decl":{"start":{"line":47,"column":21},"end":{"line":47,"column":22}},"loc":{"start":{"line":47,"column":38},"end":{"line":95,"column":3}},"line":47}},"branchMap":{"0":{"loc":{"start":{"line":30,"column":4},"end":{"line":39,"column":5}},"type":"if","locations":[{"start":{"line":30,"column":4},"end":{"line":39,"column":5}},{"start":{"line":30,"column":4},"end":{"line":39,"column":5}}],"line":30},"1":{"loc":{"start":{"line":36,"column":6},"end":{"line":38,"column":7}},"type":"if","locations":[{"start":{"line":36,"column":6},"end":{"line":38,"column":7}},{"start":{"line":36,"column":6},"end":{"line":38,"column":7}}],"line":36},"2":{"loc":{"start":{"line":50,"column":4},"end":{"line":53,"column":5}},"type":"if","locations":[{"start":{"line":50,"column":4},"end":{"line":53,"column":5}},{"start":{"line":50,"column":4},"end":{"line":53,"column":5}}],"line":50},"3":{"loc":{"start":{"line":58,"column":6},"end":{"line":70,"column":7}},"type":"if","locations":[{"start":{"line":58,"column":6},"end":{"line":70,"column":7}},{"start":{"line":58,"column":6},"end":{"line":70,"column":7}}],"line":58},"4":{"loc":{"start":{"line":61,"column":8},"end":{"line":63,"column":9}},"type":"if","locations":[{"start":{"line":61,"column":8},"end":{"line":63,"column":9}},{"start":{"line":61,"column":8},"end":{"line":63,"column":9}}],"line":61},"5":{"loc":{"start":{"line":67,"column":8},"end":{"line":69,"column":9}},"type":"if","locations":[{"start":{"line":67,"column":8},"end":{"line":69,"column":9}},{"start":{"line":67,"column":8},"end":{"line":69,"column":9}}],"line":67},"6":{"loc":{"start":{"line":72,"column":25},"end":{"line":74,"column":14}},"type":"cond-expr","locations":[{"start":{"line":73,"column":10},"end":{"line":73,"column":41}},{"start":{"line":74,"column":10},"end":{"line":74,"column":14}}],"line":72},"7":{"loc":{"start":{"line":77,"column":16},"end":{"line":77,"column":66}},"type":"cond-expr","locations":[{"start":{"line":77,"column":43},"end":{"line":77,"column":50}},{"start":{"line":77,"column":53},"end":{"line":77,"column":66}}],"line":77},"8":{"loc":{"start":{"line":79,"column":19},"end":{"line":79,"column":92}},"type":"cond-expr","locations":[{"start":{"line":79,"column":29},"end":{"line":79,"column":85}},{"start":{"line":79,"column":88},"end":{"line":79,"column":92}}],"line":79},"9":{"loc":{"start":{"line":85,"column":19},"end":{"line":85,"column":52}},"type":"cond-expr","locations":[{"start":{"line":85,"column":32},"end":{"line":85,"column":45}},{"start":{"line":85,"column":48},"end":{"line":85,"column":52}}],"line":85}},"s":{"0":0,"1":0,"2":0,"3":0,"4":0,"5":0,"6":0,"7":0,"8":0,"9":0,"10":0,"11":0,"12":0,"13":0,"14":0,"15":0,"16":0,"17":0,"18":0,"19":0,"20":0,"21":0,"22":0,"23":0,"24":0,"25":0,"26":0,"27":0,"28":0,"29":0,"30":0,"31":0,"32":0,"33":0,"34":0,"35":0,"36":0,"37":0,"38":0,"39":0,"40":0,"41":0,"42":0,"43":0,"44":0,"45":0,"46":0,"47":0},"f":{"0":0,"1":0,"2":0},"b":{"0":[0,0],"1":[0,0],"2":[0,0],"3":[0,0],"4":[0,0],"5":[0,0],"6":[0,0],"7":[0,0],"8":[0,0],"9":[0,0]},"hash":"2cee55f77b46ae186578029e44df4abbfbc42d9c"}
,"/Users/miika/Projektit/bottlestash-frontend/src/components/Rating.js": {"path":"/Users/miika/Projektit/bottlestash-frontend/src/components/Rating.js","statementMap":{"0":{"start":{"line":6,"column":15},"end":{"line":68,"column":1}},"1":{"start":{"line":8,"column":16},"end":{"line":8,"column":105}},"2":{"start":{"line":8,"column":22},"end":{"line":8,"column":105}},"3":{"start":{"line":10,"column":2},"end":{"line":67,"column":3}}},"fnMap":{"0":{"name":"(anonymous_0)","decl":{"start":{"line":6,"column":15},"end":{"line":6,"column":16}},"loc":{"start":{"line":6,"column":31},"end":{"line":68,"column":1}},"line":6},"1":{"name":"(anonymous_1)","decl":{"start":{"line":8,"column":16},"end":{"line":8,"column":17}},"loc":{"start":{"line":8,"column":22},"end":{"line":8,"column":105}},"line":8}},"branchMap":{"0":{"loc":{"start":{"line":25,"column":13},"end":{"line":26,"column":65}},"type":"binary-expr","locations":[{"start":{"line":25,"column":13},"end":{"line":25,"column":29}},{"start":{"line":26,"column":14},"end":{"line":26,"column":65}}],"line":25},"1":{"loc":{"start":{"line":54,"column":9},"end":{"line":55,"column":95}},"type":"binary-expr","locations":[{"start":{"line":54,"column":9},"end":{"line":54,"column":23}},{"start":{"line":55,"column":10},"end":{"line":55,"column":95}}],"line":54}},"s":{"0":4,"1":32,"2":32,"3":32},"f":{"0":32,"1":32},"b":{"0":[32,32],"1":[32,24]},"_coverageSchema":"43e27e138ebf9cfc5966b082cf9a028302ed4184","hash":"5068055df97b827483337a44c300e5ede51e467b"}
,"/Users/miika/Projektit/bottlestash-frontend/src/components/Register.js": {"path":"/Users/miika/Projektit/bottlestash-frontend/src/components/Register.js","statementMap":{"0":{"start":{"line":9,"column":17},"end":{"line":111,"column":1}},"1":{"start":{"line":10,"column":36},"end":{"line":10,"column":51}},"2":{"start":{"line":11,"column":37},"end":{"line":11,"column":70}},"3":{"start":{"line":12,"column":37},"end":{"line":12,"column":74}},"4":{"start":{"line":13,"column":29},"end":{"line":13,"column":62}},"5":{"start":{"line":14,"column":31},"end":{"line":14,"column":64}},"6":{"start":{"line":15,"column":29},"end":{"line":15,"column":63}},"7":{"start":{"line":16,"column":35},"end":{"line":16,"column":69}},"8":{"start":{"line":17,"column":30},"end":{"line":17,"column":45}},"9":{"start":{"line":19,"column":25},"end":{"line":44,"column":3}},"10":{"start":{"line":20,"column":4},"end":{"line":20,"column":26}},"11":{"start":{"line":22,"column":4},"end":{"line":25,"column":5}},"12":{"start":{"line":23,"column":6},"end":{"line":23,"column":24}},"13":{"start":{"line":24,"column":6},"end":{"line":24,"column":12}},"14":{"start":{"line":27,"column":4},"end":{"line":43,"column":5}},"15":{"start":{"line":28,"column":6},"end":{"line":36,"column":8}},"16":{"start":{"line":38,"column":6},"end":{"line":38,"column":63}},"17":{"start":{"line":39,"column":6},"end":{"line":39,"column":34}},"18":{"start":{"line":42,"column":6},"end":{"line":42,"column":64}},"19":{"start":{"line":46,"column":2},"end":{"line":110,"column":3}},"20":{"start":{"line":102,"column":42},"end":{"line":102,"column":67}},"21":{"start":{"line":113,"column":27},"end":{"line":115,"column":1}}},"fnMap":{"0":{"name":"(anonymous_0)","decl":{"start":{"line":9,"column":17},"end":{"line":9,"column":18}},"loc":{"start":{"line":9,"column":28},"end":{"line":111,"column":1}},"line":9},"1":{"name":"(anonymous_1)","decl":{"start":{"line":19,"column":25},"end":{"line":19,"column":26}},"loc":{"start":{"line":19,"column":42},"end":{"line":44,"column":3}},"line":19},"2":{"name":"(anonymous_2)","decl":{"start":{"line":102,"column":26},"end":{"line":102,"column":27}},"loc":{"start":{"line":102,"column":42},"end":{"line":102,"column":67}},"line":102}},"branchMap":{"0":{"loc":{"start":{"line":22,"column":4},"end":{"line":25,"column":5}},"type":"if","locations":[{"start":{"line":22,"column":4},"end":{"line":25,"column":5}},{"start":{"line":22,"column":4},"end":{"line":25,"column":5}}],"line":22}},"s":{"0":0,"1":0,"2":0,"3":0,"4":0,"5":0,"6":0,"7":0,"8":0,"9":0,"10":0,"11":0,"12":0,"13":0,"14":0,"15":0,"16":0,"17":0,"18":0,"19":0,"20":0,"21":0},"f":{"0":0,"1":0,"2":0},"b":{"0":[0,0]},"hash":"dd35b781b681c8ff409c07f7518ebdb05a2bf8b5"}
,"/Users/miika/Projektit/bottlestash-frontend/src/components/ResourceFeed.js": {"path":"/Users/miika/Projektit/bottlestash-frontend/src/components/ResourceFeed.js","statementMap":{"0":{"start":{"line":6,"column":21},"end":{"line":35,"column":1}},"1":{"start":{"line":7,"column":32},"end":{"line":7,"column":43}},"2":{"start":{"line":9,"column":27},"end":{"line":11,"column":3}},"3":{"start":{"line":10,"column":4},"end":{"line":10,"column":27}},"4":{"start":{"line":13,"column":26},"end":{"line":13,"column":59}},"5":{"start":{"line":15,"column":2},"end":{"line":34,"column":3}},"6":{"start":{"line":20,"column":12},"end":{"line":22,"column":56}}},"fnMap":{"0":{"name":"(anonymous_0)","decl":{"start":{"line":6,"column":21},"end":{"line":6,"column":22}},"loc":{"start":{"line":6,"column":32},"end":{"line":35,"column":1}},"line":6},"1":{"name":"(anonymous_1)","decl":{"start":{"line":9,"column":27},"end":{"line":9,"column":28}},"loc":{"start":{"line":9,"column":33},"end":{"line":11,"column":3}},"line":9},"2":{"name":"(anonymous_2)","decl":{"start":{"line":19,"column":31},"end":{"line":19,"column":32}},"loc":{"start":{"line":20,"column":12},"end":{"line":22,"column":56}},"line":20}},"branchMap":{"0":{"loc":{"start":{"line":20,"column":12},"end":{"line":22,"column":56}},"type":"cond-expr","locations":[{"start":{"line":21,"column":16},"end":{"line":21,"column":56}},{"start":{"line":22,"column":16},"end":{"line":22,"column":56}}],"line":20},"1":{"loc":{"start":{"line":28,"column":11},"end":{"line":29,"column":69}},"type":"binary-expr","locations":[{"start":{"line":28,"column":11},"end":{"line":28,"column":43}},{"start":{"line":29,"column":12},"end":{"line":29,"column":69}}],"line":28}},"s":{"0":3,"1":19,"2":19,"3":3,"4":19,"5":19,"6":94},"f":{"0":19,"1":3,"2":94},"b":{"0":[29,65],"1":[19,9]},"_coverageSchema":"43e27e138ebf9cfc5966b082cf9a028302ed4184","hash":"4c0b768afb0a8cc734c4ae1b5e05379c76aefb59"}
,"/Users/miika/Projektit/bottlestash-frontend/src/components/ScrollToTop.js": {"path":"/Users/miika/Projektit/bottlestash-frontend/src/components/ScrollToTop.js","statementMap":{"0":{"start":{"line":4,"column":20},"end":{"line":10,"column":1}},"1":{"start":{"line":5,"column":2},"end":{"line":7,"column":17}},"2":{"start":{"line":6,"column":4},"end":{"line":6,"column":26}},"3":{"start":{"line":9,"column":2},"end":{"line":9,"column":26}}},"fnMap":{"0":{"name":"(anonymous_0)","decl":{"start":{"line":4,"column":20},"end":{"line":4,"column":21}},"loc":{"start":{"line":4,"column":62},"end":{"line":10,"column":1}},"line":4},"1":{"name":"(anonymous_1)","decl":{"start":{"line":5,"column":12},"end":{"line":5,"column":13}},"loc":{"start":{"line":5,"column":18},"end":{"line":7,"column":3}},"line":5}},"branchMap":{"0":{"loc":{"start":{"line":9,"column":9},"end":{"line":9,"column":25}},"type":"binary-expr","locations":[{"start":{"line":9,"column":9},"end":{"line":9,"column":17}},{"start":{"line":9,"column":21},"end":{"line":9,"column":25}}],"line":9}},"s":{"0":0,"1":0,"2":0,"3":0},"f":{"0":0,"1":0},"b":{"0":[0,0]},"hash":"2d5cdcb9dab02ff083abf96e0699f2064b5173f5"}
,"/Users/miika/Projektit/bottlestash-frontend/src/components/SearchForm.js": {"path":"/Users/miika/Projektit/bottlestash-frontend/src/components/SearchForm.js","statementMap":{"0":{"start":{"line":6,"column":19},"end":{"line":23,"column":1}},"1":{"start":{"line":8,"column":22},"end":{"line":8,"column":75}},"2":{"start":{"line":8,"column":28},"end":{"line":8,"column":75}},"3":{"start":{"line":8,"column":63},"end":{"line":8,"column":69}},"4":{"start":{"line":9,"column":26},"end":{"line":9,"column":87}},"5":{"start":{"line":9,"column":32},"end":{"line":9,"column":87}},"6":{"start":{"line":9,"column":75},"end":{"line":9,"column":81}},"7":{"start":{"line":11,"column":22},"end":{"line":11,"column":61}},"8":{"start":{"line":13,"column":2},"end":{"line":22,"column":3}},"9":{"start":{"line":25,"column":24},"end":{"line":30,"column":1}},"10":{"start":{"line":26,"column":2},"end":{"line":29,"column":3}}},"fnMap":{"0":{"name":"(anonymous_0)","decl":{"start":{"line":6,"column":19},"end":{"line":6,"column":20}},"loc":{"start":{"line":6,"column":30},"end":{"line":23,"column":1}},"line":6},"1":{"name":"(anonymous_1)","decl":{"start":{"line":8,"column":22},"end":{"line":8,"column":23}},"loc":{"start":{"line":8,"column":28},"end":{"line":8,"column":75}},"line":8},"2":{"name":"(anonymous_2)","decl":{"start":{"line":8,"column":58},"end":{"line":8,"column":59}},"loc":{"start":{"line":8,"column":63},"end":{"line":8,"column":69}},"line":8},"3":{"name":"(anonymous_3)","decl":{"start":{"line":9,"column":26},"end":{"line":9,"column":27}},"loc":{"start":{"line":9,"column":32},"end":{"line":9,"column":87}},"line":9},"4":{"name":"(anonymous_4)","decl":{"start":{"line":9,"column":70},"end":{"line":9,"column":71}},"loc":{"start":{"line":9,"column":75},"end":{"line":9,"column":81}},"line":9},"5":{"name":"(anonymous_5)","decl":{"start":{"line":25,"column":24},"end":{"line":25,"column":25}},"loc":{"start":{"line":25,"column":35},"end":{"line":30,"column":1}},"line":25}},"branchMap":{"0":{"loc":{"start":{"line":8,"column":28},"end":{"line":8,"column":75}},"type":"cond-expr","locations":[{"start":{"line":8,"column":42},"end":{"line":8,"column":70}},{"start":{"line":8,"column":73},"end":{"line":8,"column":75}}],"line":8},"1":{"loc":{"start":{"line":9,"column":32},"end":{"line":9,"column":87}},"type":"cond-expr","locations":[{"start":{"line":9,"column":50},"end":{"line":9,"column":82}},{"start":{"line":9,"column":85},"end":{"line":9,"column":87}}],"line":9}},"s":{"0":0,"1":0,"2":0,"3":0,"4":0,"5":0,"6":0,"7":0,"8":0,"9":0,"10":0},"f":{"0":0,"1":0,"2":0,"3":0,"4":0,"5":0},"b":{"0":[0,0],"1":[0,0]},"hash":"3c66aac31d17e4cca35ee70521ea6c995c56c2b7"}
,"/Users/miika/Projektit/bottlestash-frontend/src/components/SearchResults.js": {"path":"/Users/miika/Projektit/bottlestash-frontend/src/components/SearchResults.js","statementMap":{"0":{"start":{"line":8,"column":22},"end":{"line":134,"column":1}},"1":{"start":{"line":10,"column":19},"end":{"line":10,"column":40}},"2":{"start":{"line":10,"column":26},"end":{"line":10,"column":40}},"3":{"start":{"line":11,"column":21},"end":{"line":11,"column":109}},"4":{"start":{"line":11,"column":28},"end":{"line":11,"column":109}},"5":{"start":{"line":12,"column":24},"end":{"line":12,"column":112}},"6":{"start":{"line":12,"column":31},"end":{"line":12,"column":112}},"7":{"start":{"line":14,"column":24},"end":{"line":16,"column":10}},"8":{"start":{"line":15,"column":49},"end":{"line":15,"column":100}},"9":{"start":{"line":18,"column":22},"end":{"line":20,"column":10}},"10":{"start":{"line":22,"column":26},"end":{"line":24,"column":10}},"11":{"start":{"line":26,"column":23},"end":{"line":30,"column":3}},"12":{"start":{"line":27,"column":4},"end":{"line":27,"column":22}},"13":{"start":{"line":28,"column":4},"end":{"line":28,"column":42}},"14":{"start":{"line":29,"column":4},"end":{"line":29,"column":30}},"15":{"start":{"line":32,"column":22},"end":{"line":53,"column":5}},"16":{"start":{"line":33,"column":4},"end":{"line":53,"column":5}},"17":{"start":{"line":46,"column":12},"end":{"line":48,"column":29}},"18":{"start":{"line":55,"column":18},"end":{"line":76,"column":5}},"19":{"start":{"line":56,"column":2},"end":{"line":76,"column":5}},"20":{"start":{"line":69,"column":12},"end":{"line":71,"column":29}},"21":{"start":{"line":78,"column":22},"end":{"line":99,"column":5}},"22":{"start":{"line":79,"column":2},"end":{"line":99,"column":5}},"23":{"start":{"line":92,"column":12},"end":{"line":94,"column":29}},"24":{"start":{"line":101,"column":2},"end":{"line":133,"column":3}},"25":{"start":{"line":136,"column":24},"end":{"line":143,"column":1}},"26":{"start":{"line":137,"column":2},"end":{"line":142,"column":3}},"27":{"start":{"line":145,"column":27},"end":{"line":147,"column":1}}},"fnMap":{"0":{"name":"(anonymous_0)","decl":{"start":{"line":8,"column":22},"end":{"line":8,"column":23}},"loc":{"start":{"line":8,"column":33},"end":{"line":134,"column":1}},"line":8},"1":{"name":"(anonymous_1)","decl":{"start":{"line":10,"column":19},"end":{"line":10,"column":20}},"loc":{"start":{"line":10,"column":26},"end":{"line":10,"column":40}},"line":10},"2":{"name":"(anonymous_2)","decl":{"start":{"line":11,"column":21},"end":{"line":11,"column":22}},"loc":{"start":{"line":11,"column":28},"end":{"line":11,"column":109}},"line":11},"3":{"name":"(anonymous_3)","decl":{"start":{"line":12,"column":24},"end":{"line":12,"column":25}},"loc":{"start":{"line":12,"column":31},"end":{"line":12,"column":112}},"line":12},"4":{"name":"(anonymous_4)","decl":{"start":{"line":15,"column":44},"end":{"line":15,"column":45}},"loc":{"start":{"line":15,"column":49},"end":{"line":15,"column":100}},"line":15},"5":{"name":"(anonymous_5)","decl":{"start":{"line":26,"column":23},"end":{"line":26,"column":24}},"loc":{"start":{"line":26,"column":30},"end":{"line":30,"column":3}},"line":26},"6":{"name":"(anonymous_6)","decl":{"start":{"line":32,"column":22},"end":{"line":32,"column":23}},"loc":{"start":{"line":33,"column":4},"end":{"line":53,"column":5}},"line":33},"7":{"name":"(anonymous_7)","decl":{"start":{"line":45,"column":29},"end":{"line":45,"column":30}},"loc":{"start":{"line":46,"column":12},"end":{"line":48,"column":29}},"line":46},"8":{"name":"(anonymous_8)","decl":{"start":{"line":55,"column":18},"end":{"line":55,"column":19}},"loc":{"start":{"line":56,"column":2},"end":{"line":76,"column":5}},"line":56},"9":{"name":"(anonymous_9)","decl":{"start":{"line":68,"column":27},"end":{"line":68,"column":28}},"loc":{"start":{"line":69,"column":12},"end":{"line":71,"column":29}},"line":69},"10":{"name":"(anonymous_10)","decl":{"start":{"line":78,"column":22},"end":{"line":78,"column":23}},"loc":{"start":{"line":79,"column":2},"end":{"line":99,"column":5}},"line":79},"11":{"name":"(anonymous_11)","decl":{"start":{"line":91,"column":31},"end":{"line":91,"column":32}},"loc":{"start":{"line":92,"column":12},"end":{"line":94,"column":29}},"line":92},"12":{"name":"(anonymous_12)","decl":{"start":{"line":136,"column":24},"end":{"line":136,"column":25}},"loc":{"start":{"line":136,"column":35},"end":{"line":143,"column":1}},"line":136}},"branchMap":{"0":{"loc":{"start":{"line":11,"column":28},"end":{"line":11,"column":109}},"type":"cond-expr","locations":[{"start":{"line":11,"column":44},"end":{"line":11,"column":49}},{"start":{"line":11,"column":52},"end":{"line":11,"column":109}}],"line":11},"1":{"loc":{"start":{"line":12,"column":31},"end":{"line":12,"column":112}},"type":"cond-expr","locations":[{"start":{"line":12,"column":47},"end":{"line":12,"column":52}},{"start":{"line":12,"column":55},"end":{"line":12,"column":112}}],"line":12},"2":{"loc":{"start":{"line":14,"column":24},"end":{"line":16,"column":10}},"type":"cond-expr","locations":[{"start":{"line":15,"column":6},"end":{"line":15,"column":101}},{"start":{"line":16,"column":6},"end":{"line":16,"column":10}}],"line":14},"3":{"loc":{"start":{"line":15,"column":49},"end":{"line":15,"column":100}},"type":"binary-expr","locations":[{"start":{"line":15,"column":49},"end":{"line":15,"column":67}},{"start":{"line":15,"column":71},"end":{"line":15,"column":100}}],"line":15},"4":{"loc":{"start":{"line":18,"column":22},"end":{"line":20,"column":10}},"type":"cond-expr","locations":[{"start":{"line":19,"column":6},"end":{"line":19,"column":36}},{"start":{"line":20,"column":6},"end":{"line":20,"column":10}}],"line":18},"5":{"loc":{"start":{"line":22,"column":26},"end":{"line":24,"column":10}},"type":"cond-expr","locations":[{"start":{"line":23,"column":6},"end":{"line":23,"column":43}},{"start":{"line":24,"column":6},"end":{"line":24,"column":10}}],"line":22},"6":{"loc":{"start":{"line":116,"column":7},"end":{"line":130,"column":11}},"type":"binary-expr","locations":[{"start":{"line":116,"column":7},"end":{"line":116,"column":19}},{"start":{"line":117,"column":8},"end":{"line":130,"column":11}}],"line":116},"7":{"loc":{"start":{"line":118,"column":11},"end":{"line":120,"column":83}},"type":"cond-expr","locations":[{"start":{"line":119,"column":14},"end":{"line":119,"column":27}},{"start":{"line":120,"column":14},"end":{"line":120,"column":83}}],"line":118},"8":{"loc":{"start":{"line":122,"column":11},"end":{"line":124,"column":81}},"type":"cond-expr","locations":[{"start":{"line":123,"column":14},"end":{"line":123,"column":25}},{"start":{"line":124,"column":14},"end":{"line":124,"column":81}}],"line":122},"9":{"loc":{"start":{"line":126,"column":11},"end":{"line":128,"column":85}},"type":"cond-expr","locations":[{"start":{"line":127,"column":14},"end":{"line":127,"column":29}},{"start":{"line":128,"column":14},"end":{"line":128,"column":85}}],"line":126}},"s":{"0":0,"1":0,"2":0,"3":0,"4":0,"5":0,"6":0,"7":0,"8":0,"9":0,"10":0,"11":0,"12":0,"13":0,"14":0,"15":0,"16":0,"17":0,"18":0,"19":0,"20":0,"21":0,"22":0,"23":0,"24":0,"25":0,"26":0,"27":0},"f":{"0":0,"1":0,"2":0,"3":0,"4":0,"5":0,"6":0,"7":0,"8":0,"9":0,"10":0,"11":0,"12":0},"b":{"0":[0,0],"1":[0,0],"2":[0,0],"3":[0,0],"4":[0,0],"5":[0,0],"6":[0,0],"7":[0,0],"8":[0,0],"9":[0,0]},"hash":"932c2c88b5590b20fb6af8fd2a933bdaad8a7c55"}
,"/Users/miika/Projektit/bottlestash-frontend/src/components/Stash.js": {"path":"/Users/miika/Projektit/bottlestash-frontend/src/components/Stash.js","statementMap":{"0":{"start":{"line":7,"column":14},"end":{"line":66,"column":1}},"1":{"start":{"line":8,"column":46},"end":{"line":8,"column":61}},"2":{"start":{"line":10,"column":2},"end":{"line":12,"column":3}},"3":{"start":{"line":11,"column":4},"end":{"line":11,"column":15}},"4":{"start":{"line":14,"column":2},"end":{"line":65,"column":3}},"5":{"start":{"line":46,"column":37},"end":{"line":46,"column":71}}},"fnMap":{"0":{"name":"(anonymous_0)","decl":{"start":{"line":7,"column":14},"end":{"line":7,"column":15}},"loc":{"start":{"line":7,"column":25},"end":{"line":66,"column":1}},"line":7},"1":{"name":"(anonymous_1)","decl":{"start":{"line":46,"column":31},"end":{"line":46,"column":32}},"loc":{"start":{"line":46,"column":37},"end":{"line":46,"column":71}},"line":46}},"branchMap":{"0":{"loc":{"start":{"line":10,"column":2},"end":{"line":12,"column":3}},"type":"if","locations":[{"start":{"line":10,"column":2},"end":{"line":12,"column":3}},{"start":{"line":10,"column":2},"end":{"line":12,"column":3}}],"line":10},"1":{"loc":{"start":{"line":22,"column":7},"end":{"line":31,"column":12}},"type":"binary-expr","locations":[{"start":{"line":22,"column":7},"end":{"line":22,"column":56}},{"start":{"line":22,"column":60},"end":{"line":22,"column":83}},{"start":{"line":23,"column":6},"end":{"line":31,"column":12}}],"line":22},"2":{"loc":{"start":{"line":34,"column":7},"end":{"line":39,"column":12}},"type":"binary-expr","locations":[{"start":{"line":34,"column":7},"end":{"line":34,"column":56}},{"start":{"line":34,"column":60},"end":{"line":34,"column":83}},{"start":{"line":35,"column":6},"end":{"line":39,"column":12}}],"line":34},"3":{"loc":{"start":{"line":42,"column":7},"end":{"line":54,"column":12}},"type":"binary-expr","locations":[{"start":{"line":42,"column":8},"end":{"line":42,"column":57}},{"start":{"line":43,"column":6},"end":{"line":54,"column":12}}],"line":42},"4":{"loc":{"start":{"line":47,"column":15},"end":{"line":47,"column":65}},"type":"cond-expr","locations":[{"start":{"line":47,"column":32},"end":{"line":47,"column":47}},{"start":{"line":47,"column":50},"end":{"line":47,"column":65}}],"line":47},"5":{"loc":{"start":{"line":56,"column":7},"end":{"line":62,"column":12}},"type":"binary-expr","locations":[{"start":{"line":56,"column":8},"end":{"line":56,"column":57}},{"start":{"line":56,"column":61},"end":{"line":56,"column":85}},{"start":{"line":57,"column":6},"end":{"line":62,"column":12}}],"line":56},"6":{"loc":{"start":{"line":58,"column":9},"end":{"line":60,"column":72}},"type":"cond-expr","locations":[{"start":{"line":59,"column":12},"end":{"line":59,"column":120}},{"start":{"line":60,"column":12},"end":{"line":60,"column":72}}],"line":58}},"s":{"0":1,"1":13,"2":13,"3":0,"4":13,"5":3},"f":{"0":13,"1":3},"b":{"0":[0,13],"1":[13,9,3],"2":[13,4,2],"3":[13,9],"4":[3,6],"5":[13,4,11],"6":[8,3]},"_coverageSchema":"43e27e138ebf9cfc5966b082cf9a028302ed4184","hash":"8301002542788f96f3bd17584ba5b9b11d01e9d6"}
[...]
,"/Users/miika/Projektit/bottlestash-frontend/src/reducers/filterReducer.js": {"path":"/Users/miika/Projektit/bottlestash-frontend/src/reducers/filterReducer.js","statementMap":{"0":{"start":{"line":2,"column":22},"end":{"line":9,"column":3}},"1":{"start":{"line":3,"column":4},"end":{"line":8,"column":5}},"2":{"start":{"line":5,"column":8},"end":{"line":5,"column":28}},"3":{"start":{"line":7,"column":8},"end":{"line":7,"column":20}},"4":{"start":{"line":11,"column":27},"end":{"line":16,"column":3}},"5":{"start":{"line":12,"column":4},"end":{"line":15,"column":5}}},"fnMap":{"0":{"name":"(anonymous_0)","decl":{"start":{"line":2,"column":22},"end":{"line":2,"column":23}},"loc":{"start":{"line":2,"column":48},"end":{"line":9,"column":3}},"line":2},"1":{"name":"(anonymous_1)","decl":{"start":{"line":11,"column":27},"end":{"line":11,"column":28}},"loc":{"start":{"line":11,"column":37},"end":{"line":16,"column":3}},"line":11}},"branchMap":{"0":{"loc":{"start":{"line":2,"column":23},"end":{"line":2,"column":35}},"type":"default-arg","locations":[{"start":{"line":2,"column":31},"end":{"line":2,"column":35}}],"line":2},"1":{"loc":{"start":{"line":3,"column":4},"end":{"line":8,"column":5}},"type":"switch","locations":[{"start":{"line":4,"column":6},"end":{"line":5,"column":28}},{"start":{"line":6,"column":6},"end":{"line":7,"column":20}}],"line":3}},"s":{"0":0,"1":0,"2":0,"3":0,"4":0,"5":0},"f":{"0":0,"1":0},"b":{"0":[0],"1":[0,0]},"hash":"1cf4b4acaf7fc7645645967aa3e990e6253fd541"}
,"/Users/miika/Projektit/bottlestash-frontend/src/reducers/loginReducer.js": {"path":"/Users/miika/Projektit/bottlestash-frontend/src/reducers/loginReducer.js","statementMap":{"0":{"start":{"line":3,"column":21},"end":{"line":3,"column":46}},"1":{"start":{"line":5,"column":21},"end":{"line":5,"column":25}},"2":{"start":{"line":7,"column":21},"end":{"line":16,"column":1}},"3":{"start":{"line":8,"column":2},"end":{"line":15,"column":3}},"4":{"start":{"line":10,"column":6},"end":{"line":10,"column":24}},"5":{"start":{"line":12,"column":6},"end":{"line":12,"column":17}},"6":{"start":{"line":14,"column":6},"end":{"line":14,"column":18}},"7":{"start":{"line":18,"column":25},"end":{"line":30,"column":1}},"8":{"start":{"line":19,"column":2},"end":{"line":29,"column":3}},"9":{"start":{"line":20,"column":17},"end":{"line":20,"column":54}},"10":{"start":{"line":22,"column":4},"end":{"line":22,"column":78}},"11":{"start":{"line":23,"column":4},"end":{"line":23,"column":24}},"12":{"start":{"line":25,"column":4},"end":{"line":28,"column":6}},"13":{"start":{"line":32,"column":26},"end":{"line":41,"column":1}},"14":{"start":{"line":33,"column":2},"end":{"line":40,"column":3}},"15":{"start":{"line":34,"column":4},"end":{"line":34,"column":59}},"16":{"start":{"line":35,"column":4},"end":{"line":35,"column":18}},"17":{"start":{"line":37,"column":4},"end":{"line":39,"column":6}},"18":{"start":{"line":43,"column":30},"end":{"line":52,"column":1}},"19":{"start":{"line":44,"column":2},"end":{"line":51,"column":3}},"20":{"start":{"line":45,"column":4},"end":{"line":45,"column":24}},"21":{"start":{"line":47,"column":4},"end":{"line":50,"column":6}}},"fnMap":{"0":{"name":"(anonymous_0)","decl":{"start":{"line":7,"column":21},"end":{"line":7,"column":22}},"loc":{"start":{"line":7,"column":55},"end":{"line":16,"column":1}},"line":7},"1":{"name":"(anonymous_1)","decl":{"start":{"line":18,"column":25},"end":{"line":18,"column":26}},"loc":{"start":{"line":18,"column":42},"end":{"line":30,"column":1}},"line":18},"2":{"name":"(anonymous_2)","decl":{"start":{"line":19,"column":9},"end":{"line":19,"column":10}},"loc":{"start":{"line":19,"column":27},"end":{"line":29,"column":3}},"line":19},"3":{"name":"(anonymous_3)","decl":{"start":{"line":32,"column":26},"end":{"line":32,"column":27}},"loc":{"start":{"line":32,"column":32},"end":{"line":41,"column":1}},"line":32},"4":{"name":"(anonymous_4)","decl":{"start":{"line":33,"column":9},"end":{"line":33,"column":10}},"loc":{"start":{"line":33,"column":27},"end":{"line":40,"column":3}},"line":33},"5":{"name":"(anonymous_5)","decl":{"start":{"line":43,"column":30},"end":{"line":43,"column":31}},"loc":{"start":{"line":43,"column":38},"end":{"line":52,"column":1}},"line":43},"6":{"name":"(anonymous_6)","decl":{"start":{"line":44,"column":9},"end":{"line":44,"column":10}},"loc":{"start":{"line":44,"column":27},"end":{"line":51,"column":3}},"line":44}},"branchMap":{"0":{"loc":{"start":{"line":7,"column":22},"end":{"line":7,"column":42}},"type":"default-arg","locations":[{"start":{"line":7,"column":30},"end":{"line":7,"column":42}}],"line":7},"1":{"loc":{"start":{"line":8,"column":2},"end":{"line":15,"column":3}},"type":"switch","locations":[{"start":{"line":9,"column":4},"end":{"line":10,"column":24}},{"start":{"line":11,"column":4},"end":{"line":12,"column":17}},{"start":{"line":13,"column":4},"end":{"line":14,"column":18}}],"line":8}},"s":{"0":1,"1":1,"2":1,"3":4,"4":1,"5":1,"6":2,"7":1,"8":0,"9":0,"10":0,"11":0,"12":0,"13":1,"14":0,"15":0,"16":0,"17":0,"18":1,"19":0,"20":0,"21":0},"f":{"0":4,"1":0,"2":0,"3":0,"4":0,"5":0,"6":0},"b":{"0":[1],"1":[1,1,2]},"_coverageSchema":"43e27e138ebf9cfc5966b082cf9a028302ed4184","hash":"704c59a1ba98c14b22614d4a1a83fe0968abbca9"}
,"/Users/miika/Projektit/bottlestash-frontend/src/reducers/notificationReducer.js": {"path":"/Users/miika/Projektit/bottlestash-frontend/src/reducers/notificationReducer.js","statementMap":{"0":{"start":{"line":2,"column":28},"end":{"line":11,"column":1}},"1":{"start":{"line":3,"column":2},"end":{"line":10,"column":3}},"2":{"start":{"line":5,"column":6},"end":{"line":5,"column":32}},"3":{"start":{"line":7,"column":6},"end":{"line":7,"column":17}},"4":{"start":{"line":9,"column":6},"end":{"line":9,"column":18}},"5":{"start":{"line":13,"column":31},"end":{"line":25,"column":1}},"6":{"start":{"line":14,"column":2},"end":{"line":24,"column":3}},"7":{"start":{"line":15,"column":4},"end":{"line":18,"column":6}},"8":{"start":{"line":19,"column":4},"end":{"line":23,"column":12}},"9":{"start":{"line":20,"column":6},"end":{"line":22,"column":8}}},"fnMap":{"0":{"name":"(anonymous_0)","decl":{"start":{"line":2,"column":28},"end":{"line":2,"column":29}},"loc":{"start":{"line":2,"column":54},"end":{"line":11,"column":1}},"line":2},"1":{"name":"(anonymous_1)","decl":{"start":{"line":13,"column":31},"end":{"line":13,"column":32}},"loc":{"start":{"line":13,"column":60},"end":{"line":25,"column":1}},"line":13},"2":{"name":"(anonymous_2)","decl":{"start":{"line":14,"column":9},"end":{"line":14,"column":10}},"loc":{"start":{"line":14,"column":27},"end":{"line":24,"column":3}},"line":14},"3":{"name":"(anonymous_3)","decl":{"start":{"line":19,"column":15},"end":{"line":19,"column":16}},"loc":{"start":{"line":19,"column":21},"end":{"line":23,"column":5}},"line":19}},"branchMap":{"0":{"loc":{"start":{"line":2,"column":29},"end":{"line":2,"column":41}},"type":"default-arg","locations":[{"start":{"line":2,"column":37},"end":{"line":2,"column":41}}],"line":2},"1":{"loc":{"start":{"line":3,"column":2},"end":{"line":10,"column":3}},"type":"switch","locations":[{"start":{"line":4,"column":4},"end":{"line":5,"column":32}},{"start":{"line":6,"column":4},"end":{"line":7,"column":17}},{"start":{"line":8,"column":4},"end":{"line":9,"column":18}}],"line":3},"2":{"loc":{"start":{"line":13,"column":41},"end":{"line":13,"column":55}},"type":"default-arg","locations":[{"start":{"line":13,"column":46},"end":{"line":13,"column":55}}],"line":13}},"s":{"0":3,"1":0,"2":0,"3":0,"4":0,"5":3,"6":1,"7":0,"8":0,"9":0},"f":{"0":0,"1":1,"2":0,"3":0},"b":{"0":[0],"1":[0,0,0],"2":[0]},"_coverageSchema":"43e27e138ebf9cfc5966b082cf9a028302ed4184","hash":"d9be94f6d4ce43a8f7f145d7ccf11e05293a5287"}
,"/Users/miika/Projektit/bottlestash-frontend/src/reducers/picturesReducer.js": {"path":"/Users/miika/Projektit/bottlestash-frontend/src/reducers/picturesReducer.js","statementMap":{"0":{"start":{"line":3,"column":24},"end":{"line":3,"column":52}},"1":{"start":{"line":12,"column":29},"end":{"line":16,"column":1}},"2":{"start":{"line":13,"column":2},"end":{"line":15,"column":3}},"3":{"start":{"line":14,"column":20},"end":{"line":14,"column":52}},"4":{"start":{"line":18,"column":26},"end":{"line":25,"column":1}},"5":{"start":{"line":19,"column":2},"end":{"line":24,"column":3}},"6":{"start":{"line":20,"column":17},"end":{"line":20,"column":31}},"7":{"start":{"line":21,"column":4},"end":{"line":21,"column":38}},"8":{"start":{"line":22,"column":20},"end":{"line":22,"column":59}},"9":{"start":{"line":23,"column":4},"end":{"line":23,"column":18}}},"fnMap":{"0":{"name":"(anonymous_0)","decl":{"start":{"line":12,"column":29},"end":{"line":12,"column":30}},"loc":{"start":{"line":12,"column":35},"end":{"line":16,"column":1}},"line":12},"1":{"name":"(anonymous_1)","decl":{"start":{"line":13,"column":9},"end":{"line":13,"column":10}},"loc":{"start":{"line":13,"column":27},"end":{"line":15,"column":3}},"line":13},"2":{"name":"(anonymous_2)","decl":{"start":{"line":18,"column":26},"end":{"line":18,"column":27}},"loc":{"start":{"line":18,"column":40},"end":{"line":25,"column":1}},"line":18},"3":{"name":"(anonymous_3)","decl":{"start":{"line":19,"column":9},"end":{"line":19,"column":10}},"loc":{"start":{"line":19,"column":27},"end":{"line":24,"column":3}},"line":19}},"branchMap":{},"s":{"0":0,"1":0,"2":0,"3":0,"4":0,"5":0,"6":0,"7":0,"8":0,"9":0},"f":{"0":0,"1":0,"2":0,"3":0},"b":{},"hash":"0ed920972d74c86ee3c0c0a51a4f6cececc8b45e"}
,"/Users/miika/Projektit/bottlestash-frontend/src/reducers/ratingsReducer.js": {"path":"/Users/miika/Projektit/bottlestash-frontend/src/reducers/ratingsReducer.js","statementMap":{"0":{"start":{"line":3,"column":23},"end":{"line":3,"column":50}},"1":{"start":{"line":5,"column":23},"end":{"line":14,"column":3}},"2":{"start":{"line":6,"column":4},"end":{"line":13,"column":5}},"3":{"start":{"line":8,"column":8},"end":{"line":8,"column":29}},"4":{"start":{"line":10,"column":8},"end":{"line":10,"column":41}},"5":{"start":{"line":12,"column":8},"end":{"line":12,"column":20}},"6":{"start":{"line":16,"column":31},"end":{"line":25,"column":3}},"7":{"start":{"line":17,"column":4},"end":{"line":24,"column":5}},"8":{"start":{"line":18,"column":22},"end":{"line":18,"column":51}},"9":{"start":{"line":20,"column":6},"end":{"line":23,"column":8}},"10":{"start":{"line":27,"column":27},"end":{"line":36,"column":3}},"11":{"start":{"line":28,"column":4},"end":{"line":35,"column":5}},"12":{"start":{"line":29,"column":21},"end":{"line":29,"column":57}},"13":{"start":{"line":31,"column":6},"end":{"line":34,"column":8}}},"fnMap":{"0":{"name":"(anonymous_0)","decl":{"start":{"line":5,"column":23},"end":{"line":5,"column":24}},"loc":{"start":{"line":5,"column":47},"end":{"line":14,"column":3}},"line":5},"1":{"name":"(anonymous_1)","decl":{"start":{"line":16,"column":31},"end":{"line":16,"column":32}},"loc":{"start":{"line":16,"column":37},"end":{"line":25,"column":3}},"line":16},"2":{"name":"(anonymous_2)","decl":{"start":{"line":17,"column":11},"end":{"line":17,"column":12}},"loc":{"start":{"line":17,"column":29},"end":{"line":24,"column":5}},"line":17},"3":{"name":"(anonymous_3)","decl":{"start":{"line":27,"column":27},"end":{"line":27,"column":28}},"loc":{"start":{"line":27,"column":38},"end":{"line":36,"column":3}},"line":27},"4":{"name":"(anonymous_4)","decl":{"start":{"line":28,"column":11},"end":{"line":28,"column":12}},"loc":{"start":{"line":28,"column":29},"end":{"line":35,"column":5}},"line":28}},"branchMap":{"0":{"loc":{"start":{"line":5,"column":24},"end":{"line":5,"column":34}},"type":"default-arg","locations":[{"start":{"line":5,"column":32},"end":{"line":5,"column":34}}],"line":5},"1":{"loc":{"start":{"line":6,"column":4},"end":{"line":13,"column":5}},"type":"switch","locations":[{"start":{"line":7,"column":6},"end":{"line":8,"column":29}},{"start":{"line":9,"column":6},"end":{"line":10,"column":41}},{"start":{"line":11,"column":6},"end":{"line":12,"column":20}}],"line":6}},"s":{"0":0,"1":0,"2":0,"3":0,"4":0,"5":0,"6":0,"7":0,"8":0,"9":0,"10":0,"11":0,"12":0,"13":0},"f":{"0":0,"1":0,"2":0,"3":0,"4":0},"b":{"0":[0],"1":[0,0,0]},"hash":"631350a77aa85249f0b5757c5cd67eab86bebcfb"}
,"/Users/miika/Projektit/bottlestash-frontend/src/reducers/usersReducer.js": {"path":"/Users/miika/Projektit/bottlestash-frontend/src/reducers/usersReducer.js","statementMap":{"0":{"start":{"line":3,"column":21},"end":{"line":3,"column":46}},"1":{"start":{"line":5,"column":21},"end":{"line":20,"column":1}},"2":{"start":{"line":6,"column":2},"end":{"line":19,"column":3}},"3":{"start":{"line":8,"column":6},"end":{"line":8,"column":25}},"4":{"start":{"line":10,"column":6},"end":{"line":10,"column":70}},"5":{"start":{"line":10,"column":28},"end":{"line":10,"column":69}},"6":{"start":{"line":12,"column":6},"end":{"line":12,"column":50}},"7":{"start":{"line":12,"column":31},"end":{"line":12,"column":49}},"8":{"start":{"line":14,"column":6},"end":{"line":14,"column":84}},"9":{"start":{"line":14,"column":28},"end":{"line":14,"column":83}},"10":{"start":{"line":16,"column":6},"end":{"line":16,"column":40}},"11":{"start":{"line":18,"column":6},"end":{"line":18,"column":18}},"12":{"start":{"line":22,"column":27},"end":{"line":31,"column":1}},"13":{"start":{"line":23,"column":2},"end":{"line":30,"column":3}},"14":{"start":{"line":24,"column":18},"end":{"line":24,"column":45}},"15":{"start":{"line":26,"column":4},"end":{"line":29,"column":6}},"16":{"start":{"line":34,"column":33},"end":{"line":45,"column":1}},"17":{"start":{"line":35,"column":2},"end":{"line":44,"column":3}},"18":{"start":{"line":36,"column":17},"end":{"line":36,"column":52}},"19":{"start":{"line":38,"column":4},"end":{"line":41,"column":6}},"20":{"start":{"line":43,"column":4},"end":{"line":43,"column":15}},"21":{"start":{"line":47,"column":28},"end":{"line":56,"column":1}},"22":{"start":{"line":48,"column":2},"end":{"line":55,"column":3}},"23":{"start":{"line":49,"column":20},"end":{"line":49,"column":51}},"24":{"start":{"line":51,"column":4},"end":{"line":54,"column":6}},"25":{"start":{"line":58,"column":26},"end":{"line":67,"column":1}},"26":{"start":{"line":59,"column":2},"end":{"line":66,"column":3}},"27":{"start":{"line":60,"column":4},"end":{"line":60,"column":33}},"28":{"start":{"line":62,"column":4},"end":{"line":65,"column":6}},"29":{"start":{"line":69,"column":26},"end":{"line":78,"column":1}},"30":{"start":{"line":70,"column":2},"end":{"line":77,"column":3}},"31":{"start":{"line":71,"column":24},"end":{"line":71,"column":59}},"32":{"start":{"line":73,"column":4},"end":{"line":76,"column":6}}},"fnMap":{"0":{"name":"(anonymous_0)","decl":{"start":{"line":5,"column":21},"end":{"line":5,"column":22}},"loc":{"start":{"line":5,"column":45},"end":{"line":20,"column":1}},"line":5},"1":{"name":"(anonymous_1)","decl":{"start":{"line":10,"column":23},"end":{"line":10,"column":24}},"loc":{"start":{"line":10,"column":28},"end":{"line":10,"column":69}},"line":10},"2":{"name":"(anonymous_2)","decl":{"start":{"line":12,"column":26},"end":{"line":12,"column":27}},"loc":{"start":{"line":12,"column":31},"end":{"line":12,"column":49}},"line":12},"3":{"name":"(anonymous_3)","decl":{"start":{"line":14,"column":23},"end":{"line":14,"column":24}},"loc":{"start":{"line":14,"column":28},"end":{"line":14,"column":83}},"line":14},"4":{"name":"(anonymous_4)","decl":{"start":{"line":22,"column":27},"end":{"line":22,"column":28}},"loc":{"start":{"line":22,"column":33},"end":{"line":31,"column":1}},"line":22},"5":{"name":"(anonymous_5)","decl":{"start":{"line":23,"column":9},"end":{"line":23,"column":10}},"loc":{"start":{"line":23,"column":27},"end":{"line":30,"column":3}},"line":23},"6":{"name":"(anonymous_6)","decl":{"start":{"line":34,"column":33},"end":{"line":34,"column":34}},"loc":{"start":{"line":34,"column":45},"end":{"line":45,"column":1}},"line":34},"7":{"name":"(anonymous_7)","decl":{"start":{"line":35,"column":9},"end":{"line":35,"column":10}},"loc":{"start":{"line":35,"column":27},"end":{"line":44,"column":3}},"line":35},"8":{"name":"(anonymous_8)","decl":{"start":{"line":47,"column":28},"end":{"line":47,"column":29}},"loc":{"start":{"line":47,"column":36},"end":{"line":56,"column":1}},"line":47},"9":{"name":"(anonymous_9)","decl":{"start":{"line":48,"column":9},"end":{"line":48,"column":10}},"loc":{"start":{"line":48,"column":27},"end":{"line":55,"column":3}},"line":48},"10":{"name":"(anonymous_10)","decl":{"start":{"line":58,"column":26},"end":{"line":58,"column":27}},"loc":{"start":{"line":58,"column":32},"end":{"line":67,"column":1}},"line":58},"11":{"name":"(anonymous_11)","decl":{"start":{"line":59,"column":9},"end":{"line":59,"column":10}},"loc":{"start":{"line":59,"column":27},"end":{"line":66,"column":3}},"line":59},"12":{"name":"(anonymous_12)","decl":{"start":{"line":69,"column":26},"end":{"line":69,"column":27}},"loc":{"start":{"line":69,"column":40},"end":{"line":78,"column":1}},"line":69},"13":{"name":"(anonymous_13)","decl":{"start":{"line":70,"column":9},"end":{"line":70,"column":10}},"loc":{"start":{"line":70,"column":27},"end":{"line":77,"column":3}},"line":70}},"branchMap":{"0":{"loc":{"start":{"line":5,"column":22},"end":{"line":5,"column":32}},"type":"default-arg","locations":[{"start":{"line":5,"column":30},"end":{"line":5,"column":32}}],"line":5},"1":{"loc":{"start":{"line":6,"column":2},"end":{"line":19,"column":3}},"type":"switch","locations":[{"start":{"line":7,"column":4},"end":{"line":8,"column":25}},{"start":{"line":9,"column":4},"end":{"line":10,"column":70}},{"start":{"line":11,"column":4},"end":{"line":12,"column":50}},{"start":{"line":13,"column":4},"end":{"line":14,"column":84}},{"start":{"line":15,"column":4},"end":{"line":16,"column":40}},{"start":{"line":17,"column":4},"end":{"line":18,"column":18}}],"line":6},"2":{"loc":{"start":{"line":10,"column":28},"end":{"line":10,"column":69}},"type":"cond-expr","locations":[{"start":{"line":10,"column":54},"end":{"line":10,"column":55}},{"start":{"line":10,"column":58},"end":{"line":10,"column":69}}],"line":10},"3":{"loc":{"start":{"line":14,"column":28},"end":{"line":14,"column":83}},"type":"cond-expr","locations":[{"start":{"line":14,"column":61},"end":{"line":14,"column":79}},{"start":{"line":14,"column":82},"end":{"line":14,"column":83}}],"line":14}},"s":{"0":3,"1":3,"2":4,"3":1,"4":0,"5":0,"6":0,"7":0,"8":0,"9":0,"10":1,"11":2,"12":3,"13":0,"14":0,"15":0,"16":3,"17":0,"18":0,"19":0,"20":0,"21":3,"22":0,"23":0,"24":0,"25":3,"26":0,"27":0,"28":0,"29":3,"30":0,"31":0,"32":0},"f":{"0":4,"1":0,"2":0,"3":0,"4":0,"5":0,"6":0,"7":0,"8":0,"9":0,"10":0,"11":0,"12":0,"13":0},"b":{"0":[1],"1":[1,0,0,0,1,2],"2":[0,0],"3":[0,0]},"_coverageSchema":"43e27e138ebf9cfc5966b082cf9a028302ed4184","hash":"3f2dd26279890f07411eb51a96dd3969285acd96"}
}
