TN:
SF:/Users/miika/Projektit/bottlestash-frontend/src/App.js
FN:30,(anonymous_0)
FN:32,(anonymous_1)
FN:39,(anonymous_2)
FN:43,(anonymous_3)
FN:47,(anonymous_4)
FN:51,(anonymous_5)
FN:55,(anonymous_6)
FN:59,(anonymous_7)
FN:60,(anonymous_8)
FN:62,(anonymous_9)
FN:63,(anonymous_10)
FN:65,(anonymous_11)
FN:66,(anonymous_12)
FN:68,(anonymous_13)
FN:69,(anonymous_14)
FN:71,(anonymous_15)
FN:72,(anonymous_16)
FN:86,(anonymous_17)
FN:96,(anonymous_18)
FN:100,(anonymous_19)
FN:104,(anonymous_20)
FN:108,(anonymous_21)
FN:113,(anonymous_22)
FN:121,(anonymous_23)
FN:133,(anonymous_24)
FN:144,(anonymous_25)
FN:153,(anonymous_26)
FN:159,(anonymous_27)
FN:169,(anonymous_28)
FN:185,(anonymous_29)
FNF:30
FNH:0
FNDA:0,(anonymous_0)
FNDA:0,(anonymous_1)
FNDA:0,(anonymous_2)
FNDA:0,(anonymous_3)
FNDA:0,(anonymous_4)
FNDA:0,(anonymous_5)
FNDA:0,(anonymous_6)
FNDA:0,(anonymous_7)
FNDA:0,(anonymous_8)
FNDA:0,(anonymous_9)
FNDA:0,(anonymous_10)
FNDA:0,(anonymous_11)
FNDA:0,(anonymous_12)
FNDA:0,(anonymous_13)
FNDA:0,(anonymous_14)
FNDA:0,(anonymous_15)
FNDA:0,(anonymous_16)
FNDA:0,(anonymous_17)
FNDA:0,(anonymous_18)
FNDA:0,(anonymous_19)
FNDA:0,(anonymous_20)
FNDA:0,(anonymous_21)
FNDA:0,(anonymous_22)
FNDA:0,(anonymous_23)
FNDA:0,(anonymous_24)
FNDA:0,(anonymous_25)
FNDA:0,(anonymous_26)
FNDA:0,(anonymous_27)
FNDA:0,(anonymous_28)
FNDA:0,(anonymous_29)
DA:30,0
DA:32,0
DA:33,0
DA:34,0
DA:35,0
DA:39,0
DA:40,0
DA:43,0
DA:44,0
DA:47,0
DA:48,0
DA:51,0
DA:52,0
DA:55,0
DA:56,0
DA:59,0
DA:60,0
DA:62,0
DA:63,0
DA:65,0
DA:66,0
DA:68,0
DA:69,0
DA:71,0
DA:72,0
DA:74,0
DA:87,0
DA:96,0
DA:100,0
DA:104,0
DA:109,0
DA:114,0
DA:122,0
DA:134,0
DA:145,0
DA:153,0
DA:160,0
DA:170,0
DA:185,0
DA:186,0
DA:196,0
LF:41
LH:0
BRDA:34,0,0,0
BRDA:34,0,1,0
BRDA:72,1,0,0
BRDA:72,1,1,0
BRDA:129,2,0,0
BRDA:129,2,1,0
BRDA:156,3,0,0
BRDA:156,3,1,0
BRF:8
BRH:0
end_of_record
TN:
SF:/Users/miika/Projektit/bottlestash-frontend/src/eslintrc.js
FNF:0
FNH:0
DA:1,0
LF:1
LH:0
BRF:0
BRH:0
end_of_record
TN:
SF:/Users/miika/Projektit/bottlestash-frontend/src/index.js
FNF:0
FNH:0
DA:7,0
LF:1
LH:0
BRF:0
BRH:0
end_of_record
TN:
SF:/Users/miika/Projektit/bottlestash-frontend/src/store.js
FNF:0
FNH:0
DA:12,0
DA:23,0
LF:2
LH:0
BRF:0
BRH:0
end_of_record
TN:
SF:/Users/miika/Projektit/bottlestash-frontend/src/components/About.js
FN:4,(anonymous_0)
FNF:1
FNH:1
FNDA:2,(anonymous_0)
DA:4,1
DA:5,2
LF:2
LH:2
BRF:0
BRH:0
end_of_record
TN:
SF:/Users/miika/Projektit/bottlestash-frontend/src/components/AddBottle.js
FN:14,(anonymous_0)
FN:27,(anonymous_1)
FN:75,(anonymous_2)
FN:77,(anonymous_3)
FN:79,(anonymous_4)
FN:81,(anonymous_5)
FN:81,(anonymous_6)
FN:83,(anonymous_7)
FN:85,(anonymous_8)
FN:85,(anonymous_9)
FNF:10
FNH:0
FNDA:0,(anonymous_0)
FNDA:0,(anonymous_1)
FNDA:0,(anonymous_2)
FNDA:0,(anonymous_3)
FNDA:0,(anonymous_4)
FNDA:0,(anonymous_5)
FNDA:0,(anonymous_6)
FNDA:0,(anonymous_7)
FNDA:0,(anonymous_8)
FNDA:0,(anonymous_9)
DA:14,0
DA:15,0
DA:16,0
DA:17,0
DA:18,0
DA:19,0
DA:20,0
DA:21,0
DA:22,0
DA:23,0
DA:24,0
DA:25,0
DA:27,0
DA:28,0
DA:30,0
DA:31,0
DA:32,0
DA:35,0
DA:37,0
DA:38,0
DA:40,0
DA:41,0
DA:44,0
DA:46,0
DA:47,0
DA:50,0
DA:54,0
DA:64,0
DA:66,0
DA:67,0
DA:68,0
DA:71,0
DA:75,0
DA:77,0
DA:79,0
DA:81,0
DA:83,0
DA:85,0
DA:87,0
DA:168,0
LF:40
LH:0
BRDA:30,0,0,0
BRDA:30,0,1,0
BRDA:40,1,0,0
BRDA:40,1,1,0
BRDA:46,2,0,0
BRDA:46,2,1,0
BRDA:50,3,0,0
BRDA:50,3,1,0
BRDA:61,4,0,0
BRDA:61,4,1,0
BRDA:75,5,0,0
BRDA:75,5,1,0
BRDA:79,6,0,0
BRDA:79,6,1,0
BRDA:83,7,0,0
BRDA:83,7,1,0
BRDA:85,8,0,0
BRDA:85,8,1,0
BRDA:159,9,0,0
BRDA:159,9,1,0
BRF:20
BRH:0
end_of_record
TN:
SF:/Users/miika/Projektit/bottlestash-frontend/src/components/Beer.js
FN:5,(anonymous_0)
FN:12,(anonymous_1)
FN:14,(anonymous_2)
FNF:3
FNH:3
FNDA:3,(anonymous_0)
FNDA:15,(anonymous_1)
FNDA:3,(anonymous_2)
DA:5,1
DA:7,3
DA:8,0
DA:11,3
DA:12,15
DA:14,3
DA:15,3
DA:24,3
LF:8
LH:7
BRDA:7,0,0,0
BRDA:7,0,1,3
BRDA:32,1,0,3
BRDA:32,1,1,0
BRF:4
BRH:2
end_of_record
TN:
SF:/Users/miika/Projektit/bottlestash-frontend/src/components/Bottle.js
FN:6,(anonymous_0)
FNF:1
FNH:1
FNDA:70,(anonymous_0)
DA:6,4
DA:7,70
DA:8,0
DA:11,70
LF:4
LH:3
BRDA:7,0,0,0
BRDA:7,0,1,70
BRDA:19,1,0,70
BRDA:19,1,1,68
BRF:4
BRH:3
end_of_record
TN:
SF:/Users/miika/Projektit/bottlestash-frontend/src/components/BottleDetails.js
FN:10,(anonymous_0)
FN:18,(anonymous_1)
FN:62,(anonymous_2)
FN:63,(anonymous_3)
FNF:4
FNH:1
FNDA:12,(anonymous_0)
FNDA:0,(anonymous_1)
FNDA:0,(anonymous_2)
FNDA:0,(anonymous_3)
DA:10,2
DA:12,12
DA:13,8
DA:16,4
DA:18,4
DA:19,0
DA:20,0
DA:25,0
DA:26,0
DA:27,0
DA:29,0
DA:30,0
DA:33,0
DA:35,0
DA:36,0
DA:40,0
DA:44,4
DA:62,0
DA:63,0
DA:70,2
LF:20
LH:7
BRDA:12,0,0,8
BRDA:12,0,1,4
BRDA:25,1,0,0
BRDA:25,1,1,0
BRDA:35,2,0,0
BRDA:35,2,1,0
BRDA:52,3,0,4
BRDA:52,3,1,0
BRDA:54,4,0,4
BRDA:54,4,1,0
BRDA:55,5,0,4
BRDA:55,5,1,0
BRDA:56,6,0,4
BRDA:56,6,1,0
BRDA:60,7,0,4
BRDA:60,7,1,4
BRF:16
BRH:8
end_of_record
TN:
SF:/Users/miika/Projektit/bottlestash-frontend/src/components/BottlesTable.js
FN:6,(anonymous_0)
FN:14,(anonymous_1)
FN:18,(anonymous_2)
FN:35,(anonymous_3)
FN:38,(anonymous_4)
FNF:5
FNH:2
FNDA:8,(anonymous_0)
FNDA:0,(anonymous_1)
FNDA:0,(anonymous_2)
FNDA:16,(anonymous_3)
FNDA:0,(anonymous_4)
DA:6,1
DA:7,8
DA:8,8
DA:10,8
DA:11,0
DA:14,8
DA:15,0
DA:18,8
DA:19,0
DA:20,0
DA:23,8
DA:36,16
DA:38,0
LF:13
LH:8
BRDA:10,0,0,0
BRDA:10,0,1,8
BRDA:43,1,0,8
BRDA:43,1,1,8
BRDA:43,2,0,16
BRDA:43,2,1,0
BRF:6
BRH:4
end_of_record
TN:
SF:/Users/miika/Projektit/bottlestash-frontend/src/components/Brewery.js
FN:5,(anonymous_0)
FN:26,(anonymous_1)
FNF:2
FNH:2
FNDA:3,(anonymous_0)
FNDA:9,(anonymous_1)
DA:5,1
DA:7,3
DA:8,0
DA:11,3
DA:27,9
LF:5
LH:4
BRDA:7,0,0,0
BRDA:7,0,1,3
BRF:2
BRH:1
end_of_record
TN:
SF:/Users/miika/Projektit/bottlestash-frontend/src/components/Footer.js
FN:5,(anonymous_0)
FNF:1
FNH:1
FNDA:4,(anonymous_0)
DA:5,1
DA:6,4
LF:2
LH:2
BRF:0
BRH:0
end_of_record
TN:
SF:/Users/miika/Projektit/bottlestash-frontend/src/components/Home.js
FN:6,(anonymous_0)
FN:8,(anonymous_1)
FN:9,(anonymous_2)
FN:14,(anonymous_3)
FN:33,(anonymous_4)
FNF:5
FNH:5
FNDA:7,(anonymous_0)
FNDA:63,(anonymous_1)
FNDA:49,(anonymous_2)
FNDA:4,(anonymous_3)
FNDA:3,(anonymous_4)
DA:6,1
DA:8,63
DA:9,49
DA:11,7
DA:12,7
DA:14,7
DA:15,4
DA:33,7
DA:34,3
DA:79,7
LF:10
LH:10
BRDA:8,0,0,0
BRDA:8,0,1,63
BRDA:89,1,0,4
BRDA:89,1,1,3
BRF:4
BRH:3
end_of_record
TN:
SF:/Users/miika/Projektit/bottlestash-frontend/src/components/ImageInputGroup.js
FN:4,(anonymous_0)
FN:13,(anonymous_1)
FN:16,(anonymous_2)
FNF:3
FNH:0
FNDA:0,(anonymous_0)
FNDA:0,(anonymous_1)
FNDA:0,(anonymous_2)
DA:4,0
DA:5,0
DA:13,0
DA:16,0
LF:4
LH:0
BRDA:15,0,0,0
BRDA:15,0,1,0
BRF:2
BRH:0
end_of_record
TN:
SF:/Users/miika/Projektit/bottlestash-frontend/src/components/InputGroup.js
FN:5,(anonymous_0)
FNF:1
FNH:1
FNDA:8,(anonymous_0)
DA:5,1
DA:6,8
LF:2
LH:2
BRF:0
BRH:0
end_of_record
TN:
SF:/Users/miika/Projektit/bottlestash-frontend/src/components/ListSuggestion.js
FN:3,(anonymous_0)
FN:9,(anonymous_1)
FNF:2
FNH:1
FNDA:8,(anonymous_0)
FNDA:0,(anonymous_1)
DA:3,1
DA:5,8
DA:7,8
DA:10,0
LF:4
LH:3
BRF:0
BRH:0
end_of_record
TN:
SF:/Users/miika/Projektit/bottlestash-frontend/src/components/Login.js
FN:11,(anonymous_0)
FN:16,(anonymous_1)
FNF:2
FNH:2
FNDA:4,(anonymous_0)
FNDA:1,(anonymous_1)
DA:11,1
DA:12,4
DA:13,4
DA:14,4
DA:16,4
DA:17,1
DA:19,1
DA:20,0
DA:21,0
DA:24,1
DA:25,1
DA:26,0
DA:28,1
DA:32,4
DA:70,1
LF:15
LH:12
BRDA:19,0,0,0
BRDA:19,0,1,1
BRF:2
BRH:1
end_of_record
TN:
SF:/Users/miika/Projektit/bottlestash-frontend/src/components/Navigation.js
FN:10,(anonymous_0)
FN:12,(anonymous_1)
FN:22,(anonymous_2)
FNF:3
FNH:0
FNDA:0,(anonymous_0)
FNDA:0,(anonymous_1)
FNDA:0,(anonymous_2)
DA:10,0
DA:12,0
DA:13,0
DA:14,0
DA:15,0
DA:16,0
DA:18,0
DA:22,0
DA:23,0
DA:24,0
DA:25,0
DA:26,0
DA:29,0
DA:98,0
LF:14
LH:0
BRDA:40,0,0,0
BRDA:40,0,1,0
BRDA:51,1,0,0
BRDA:51,1,1,0
BRDA:63,2,0,0
BRDA:63,2,1,0
BRDA:72,3,0,0
BRDA:72,3,1,0
BRDA:74,4,0,0
BRDA:74,4,1,0
BRF:10
BRH:0
end_of_record
TN:
SF:/Users/miika/Projektit/bottlestash-frontend/src/components/Notification.js
FN:5,(anonymous_0)
FN:19,(anonymous_1)
FNF:2
FNH:0
FNDA:0,(anonymous_0)
FNDA:0,(anonymous_1)
DA:5,0
DA:6,0
DA:7,0
DA:10,0
DA:19,0
DA:20,0
LF:6
LH:0
BRDA:6,0,0,0
BRDA:6,0,1,0
BRDA:12,1,0,0
BRDA:12,1,1,0
BRF:4
BRH:0
end_of_record
TN:
SF:/Users/miika/Projektit/bottlestash-frontend/src/components/Profile.js
FN:13,(anonymous_0)
FN:22,(anonymous_1)
FN:34,(anonymous_2)
FN:64,(anonymous_3)
FN:138,(anonymous_4)
FNF:5
FNH:0
FNDA:0,(anonymous_0)
FNDA:0,(anonymous_1)
FNDA:0,(anonymous_2)
FNDA:0,(anonymous_3)
FNDA:0,(anonymous_4)
DA:13,0
DA:14,0
DA:15,0
DA:16,0
DA:17,0
DA:18,0
DA:19,0
DA:20,0
DA:22,0
DA:23,0
DA:24,0
DA:25,0
DA:26,0
DA:27,0
DA:30,0
DA:31,0
DA:34,0
DA:35,0
DA:37,0
DA:38,0
DA:39,0
DA:42,0
DA:43,0
DA:47,0
DA:56,0
DA:57,0
DA:60,0
DA:64,0
DA:65,0
DA:66,0
DA:67,0
DA:68,0
DA:69,0
DA:70,0
DA:73,0
DA:78,0
DA:138,0
DA:150,0
LF:38
LH:0
BRDA:23,0,0,0
BRDA:23,0,1,0
BRDA:24,1,0,0
BRDA:24,1,1,0
BRDA:25,2,0,0
BRDA:25,2,1,0
BRDA:26,3,0,0
BRDA:26,3,1,0
BRDA:30,4,0,0
BRDA:30,4,1,0
BRDA:37,5,0,0
BRDA:37,5,1,0
BRDA:43,6,0,0
BRDA:43,6,1,0
BRDA:52,7,0,0
BRDA:52,7,1,0
BRDA:65,8,0,0
BRDA:65,8,1,0
BRF:18
BRH:0
end_of_record
TN:
SF:/Users/miika/Projektit/bottlestash-frontend/src/components/Rate.js
FN:15,(anonymous_0)
FN:29,(anonymous_1)
FN:47,(anonymous_2)
FNF:3
FNH:0
FNDA:0,(anonymous_0)
FNDA:0,(anonymous_1)
FNDA:0,(anonymous_2)
DA:15,0
DA:16,0
DA:17,0
DA:18,0
DA:19,0
DA:20,0
DA:21,0
DA:22,0
DA:23,0
DA:24,0
DA:25,0
DA:26,0
DA:27,0
DA:29,0
DA:30,0
DA:31,0
DA:33,0
DA:34,0
DA:35,0
DA:36,0
DA:37,0
DA:40,0
DA:41,0
DA:42,0
DA:43,0
DA:44,0
DA:47,0
DA:48,0
DA:50,0
DA:51,0
DA:52,0
DA:55,0
DA:56,0
DA:58,0
DA:59,0
DA:61,0
DA:62,0
DA:65,0
DA:67,0
DA:68,0
DA:72,0
DA:76,0
DA:88,0
DA:89,0
DA:90,0
DA:93,0
DA:97,0
DA:169,0
LF:48
LH:0
BRDA:30,0,0,0
BRDA:30,0,1,0
BRDA:36,1,0,0
BRDA:36,1,1,0
BRDA:50,2,0,0
BRDA:50,2,1,0
BRDA:58,3,0,0
BRDA:58,3,1,0
BRDA:61,4,0,0
BRDA:61,4,1,0
BRDA:67,5,0,0
BRDA:67,5,1,0
BRDA:72,6,0,0
BRDA:72,6,1,0
BRDA:77,7,0,0
BRDA:77,7,1,0
BRDA:79,8,0,0
BRDA:79,8,1,0
BRDA:85,9,0,0
BRDA:85,9,1,0
BRF:20
BRH:0
end_of_record
TN:
SF:/Users/miika/Projektit/bottlestash-frontend/src/components/Rating.js
FN:6,(anonymous_0)
FN:8,(anonymous_1)
FNF:2
FNH:2
FNDA:32,(anonymous_0)
FNDA:32,(anonymous_1)
DA:6,4
DA:8,32
DA:10,32
LF:3
LH:3
BRDA:25,0,0,32
BRDA:25,0,1,32
BRDA:54,1,0,32
BRDA:54,1,1,24
BRF:4
BRH:4
end_of_record
TN:
SF:/Users/miika/Projektit/bottlestash-frontend/src/components/Register.js
FN:9,(anonymous_0)
FN:19,(anonymous_1)
FN:102,(anonymous_2)
FNF:3
FNH:0
FNDA:0,(anonymous_0)
FNDA:0,(anonymous_1)
FNDA:0,(anonymous_2)
DA:9,0
DA:10,0
DA:11,0
DA:12,0
DA:13,0
DA:14,0
DA:15,0
DA:16,0
DA:17,0
DA:19,0
DA:20,0
DA:22,0
DA:23,0
DA:24,0
DA:27,0
DA:28,0
DA:38,0
DA:39,0
DA:42,0
DA:46,0
DA:102,0
DA:113,0
LF:22
LH:0
BRDA:22,0,0,0
BRDA:22,0,1,0
BRF:2
BRH:0
end_of_record
TN:
SF:/Users/miika/Projektit/bottlestash-frontend/src/components/ResourceFeed.js
FN:6,(anonymous_0)
FN:9,(anonymous_1)
FN:19,(anonymous_2)
FNF:3
FNH:3
FNDA:19,(anonymous_0)
FNDA:3,(anonymous_1)
FNDA:94,(anonymous_2)
DA:6,3
DA:7,19
DA:9,19
DA:10,3
DA:13,19
DA:15,19
DA:20,94
LF:7
LH:7
BRDA:20,0,0,29
BRDA:20,0,1,65
BRDA:28,1,0,19
BRDA:28,1,1,9
BRF:4
BRH:4
end_of_record
TN:
SF:/Users/miika/Projektit/bottlestash-frontend/src/components/ScrollToTop.js
FN:4,(anonymous_0)
FN:5,(anonymous_1)
FNF:2
FNH:0
FNDA:0,(anonymous_0)
FNDA:0,(anonymous_1)
DA:4,0
DA:5,0
DA:6,0
DA:9,0
LF:4
LH:0
BRDA:9,0,0,0
BRDA:9,0,1,0
BRF:2
BRH:0
end_of_record
TN:
SF:/Users/miika/Projektit/bottlestash-frontend/src/components/SearchForm.js
FN:6,(anonymous_0)
FN:8,(anonymous_1)
FN:8,(anonymous_2)
FN:9,(anonymous_3)
FN:9,(anonymous_4)
FN:25,(anonymous_5)
FNF:6
FNH:0
FNDA:0,(anonymous_0)
FNDA:0,(anonymous_1)
FNDA:0,(anonymous_2)
FNDA:0,(anonymous_3)
FNDA:0,(anonymous_4)
FNDA:0,(anonymous_5)
DA:6,0
DA:8,0
DA:9,0
DA:11,0
DA:13,0
DA:25,0
DA:26,0
LF:7
LH:0
BRDA:8,0,0,0
BRDA:8,0,1,0
BRDA:9,1,0,0
BRDA:9,1,1,0
BRF:4
BRH:0
end_of_record
TN:
SF:/Users/miika/Projektit/bottlestash-frontend/src/components/SearchResults.js
FN:8,(anonymous_0)
FN:10,(anonymous_1)
FN:11,(anonymous_2)
FN:12,(anonymous_3)
FN:15,(anonymous_4)
FN:26,(anonymous_5)
FN:32,(anonymous_6)
FN:45,(anonymous_7)
FN:55,(anonymous_8)
FN:68,(anonymous_9)
FN:78,(anonymous_10)
FN:91,(anonymous_11)
FN:136,(anonymous_12)
FNF:13
FNH:0
FNDA:0,(anonymous_0)
FNDA:0,(anonymous_1)
FNDA:0,(anonymous_2)
FNDA:0,(anonymous_3)
FNDA:0,(anonymous_4)
FNDA:0,(anonymous_5)
FNDA:0,(anonymous_6)
FNDA:0,(anonymous_7)
FNDA:0,(anonymous_8)
FNDA:0,(anonymous_9)
FNDA:0,(anonymous_10)
FNDA:0,(anonymous_11)
FNDA:0,(anonymous_12)
DA:8,0
DA:10,0
DA:11,0
DA:12,0
DA:14,0
DA:15,0
DA:18,0
DA:22,0
DA:26,0
DA:27,0
DA:28,0
DA:29,0
DA:32,0
DA:33,0
DA:46,0
DA:55,0
DA:56,0
DA:69,0
DA:78,0
DA:79,0
DA:92,0
DA:101,0
DA:136,0
DA:137,0
DA:145,0
LF:25
LH:0
BRDA:11,0,0,0
BRDA:11,0,1,0
BRDA:12,1,0,0
BRDA:12,1,1,0
BRDA:14,2,0,0
BRDA:14,2,1,0
BRDA:15,3,0,0
BRDA:15,3,1,0
BRDA:18,4,0,0
BRDA:18,4,1,0
BRDA:22,5,0,0
BRDA:22,5,1,0
BRDA:116,6,0,0
BRDA:116,6,1,0
BRDA:118,7,0,0
BRDA:118,7,1,0
BRDA:122,8,0,0
BRDA:122,8,1,0
BRDA:126,9,0,0
BRDA:126,9,1,0
BRF:20
BRH:0
end_of_record
TN:
SF:/Users/miika/Projektit/bottlestash-frontend/src/components/Stash.js
FN:7,(anonymous_0)
FN:46,(anonymous_1)
FNF:2
FNH:2
FNDA:13,(anonymous_0)
FNDA:3,(anonymous_1)
DA:7,1
DA:8,13
DA:10,13
DA:11,0
DA:14,13
DA:46,3
LF:6
LH:5
BRDA:10,0,0,0
BRDA:10,0,1,13
BRDA:22,1,0,13
BRDA:22,1,1,9
BRDA:22,1,2,3
BRDA:34,2,0,13
BRDA:34,2,1,4
BRDA:34,2,2,2
BRDA:42,3,0,13
BRDA:42,3,1,9
BRDA:47,4,0,3
BRDA:47,4,1,6
BRDA:56,5,0,13
BRDA:56,5,1,4
BRDA:56,5,2,11
BRDA:58,6,0,8
BRDA:58,6,1,3
BRF:17
BRH:16
end_of_record
TN:
SF:/Users/miika/Projektit/bottlestash-frontend/src/components/StashDetails.js
FN:4,(anonymous_0)
FN:6,(anonymous_1)
FN:7,(anonymous_2)
FN:8,(anonymous_3)
FNF:4
FNH:4
FNDA:3,(anonymous_0)
FNDA:6,(anonymous_1)
FNDA:6,(anonymous_2)
FNDA:6,(anonymous_3)
DA:4,1
DA:6,6
DA:7,6
DA:8,6
DA:10,3
LF:5
LH:5
BRF:0
BRH:0
end_of_record
TN:
SF:/Users/miika/Projektit/bottlestash-frontend/src/hooks/index.js
FN:6,(anonymous_0)
FN:10,(anonymous_1)
FN:12,(anonymous_2)
FN:17,(anonymous_3)
FN:22,(anonymous_4)
FN:32,(anonymous_5)
FN:37,(anonymous_6)
FN:48,(anonymous_7)
FN:56,(anonymous_8)
FN:69,(anonymous_9)
FN:73,(anonymous_10)
FN:77,(anonymous_11)
FN:81,(anonymous_12)
FN:94,(anonymous_13)
FN:98,(anonymous_14)
FN:102,(anonymous_15)
FN:106,(anonymous_16)
FNF:17
FNH:3
FNDA:0,(anonymous_0)
FNDA:7,(anonymous_1)
FNDA:0,(anonymous_2)
FNDA:0,(anonymous_3)
FNDA:0,(anonymous_4)
FNDA:0,(anonymous_5)
FNDA:0,(anonymous_6)
FNDA:0,(anonymous_7)
FNDA:0,(anonymous_8)
FNDA:8,(anonymous_9)
FNDA:2,(anonymous_10)
FNDA:0,(anonymous_11)
FNDA:0,(anonymous_12)
FNDA:0,(anonymous_13)
FNDA:0,(anonymous_14)
FNDA:0,(anonymous_15)
FNDA:0,(anonymous_16)
DA:4,6
DA:6,6
DA:7,0
DA:10,6
DA:12,7
DA:13,0
DA:14,0
DA:17,7
DA:18,0
DA:19,0
DA:22,7
DA:23,0
DA:28,0
DA:29,0
DA:32,7
DA:33,0
DA:34,0
DA:37,7
DA:38,0
DA:44,0
DA:45,0
DA:48,7
DA:49,0
DA:52,0
DA:53,0
DA:56,7
DA:57,0
DA:60,0
DA:61,0
DA:64,7
DA:69,6
DA:70,8
DA:71,8
DA:73,8
DA:74,2
DA:77,8
DA:78,0
DA:81,8
DA:82,0
DA:85,8
DA:94,6
DA:95,0
DA:96,0
DA:98,0
DA:99,0
DA:102,0
DA:103,0
DA:106,0
DA:107,0
DA:110,0
LF:50
LH:20
BRDA:69,0,0,0
BRDA:94,1,0,0
BRDA:94,2,0,0
BRF:3
BRH:0
end_of_record
TN:
SF:/Users/miika/Projektit/bottlestash-frontend/src/reducers/beersReducer.js
FN:5,(anonymous_0)
FN:16,(anonymous_1)
FN:17,(anonymous_2)
FN:27,(anonymous_3)
FN:28,(anonymous_4)
FN:34,(anonymous_5)
FN:35,(anonymous_6)
FNF:7
FNH:1
FNDA:4,(anonymous_0)
FNDA:0,(anonymous_1)
FNDA:0,(anonymous_2)
FNDA:0,(anonymous_3)
FNDA:0,(anonymous_4)
FNDA:0,(anonymous_5)
FNDA:0,(anonymous_6)
DA:3,1
DA:5,1
DA:6,4
DA:8,1
DA:10,1
DA:12,2
DA:16,1
DA:17,0
DA:18,0
DA:20,0
DA:27,1
DA:28,0
DA:29,0
DA:30,0
DA:34,1
DA:35,0
DA:36,0
DA:38,0
DA:43,0
LF:19
LH:9
BRDA:5,0,0,1
BRDA:6,1,0,1
BRDA:6,1,1,1
BRDA:6,1,2,2
BRF:4
BRH:4
end_of_record
TN:
SF:/Users/miika/Projektit/bottlestash-frontend/src/reducers/bottlesReducer.js
FN:5,(anonymous_0)
FN:12,(anonymous_1)
FN:14,(anonymous_2)
FN:20,(anonymous_3)
FN:21,(anonymous_4)
FN:31,(anonymous_5)
FN:32,(anonymous_6)
FN:42,(anonymous_7)
FN:43,(anonymous_8)
FN:53,(anonymous_9)
FN:54,(anonymous_10)
FNF:11
FNH:0
FNDA:0,(anonymous_0)
FNDA:0,(anonymous_1)
FNDA:0,(anonymous_2)
FNDA:0,(anonymous_3)
FNDA:0,(anonymous_4)
FNDA:0,(anonymous_5)
FNDA:0,(anonymous_6)
FNDA:0,(anonymous_7)
FNDA:0,(anonymous_8)
FNDA:0,(anonymous_9)
FNDA:0,(anonymous_10)
DA:3,2
DA:5,2
DA:6,0
DA:8,0
DA:10,0
DA:12,0
DA:14,0
DA:16,0
DA:20,2
DA:21,0
DA:22,0
DA:24,0
DA:31,2
DA:32,0
DA:33,0
DA:35,0
DA:42,2
DA:43,0
DA:44,0
DA:46,0
DA:53,2
DA:54,0
DA:55,0
DA:57,0
LF:24
LH:6
BRDA:5,0,0,0
BRDA:6,1,0,0
BRDA:6,1,1,0
BRDA:6,1,2,0
BRDA:6,1,3,0
BRDA:6,1,4,0
BRDA:14,2,0,0
BRDA:14,2,1,0
BRF:8
BRH:0
end_of_record
TN:
SF:/Users/miika/Projektit/bottlestash-frontend/src/reducers/breweriesReducer.js
FN:5,(anonymous_0)
FN:16,(anonymous_1)
FN:17,(anonymous_2)
FN:27,(anonymous_3)
FN:28,(anonymous_4)
FN:34,(anonymous_5)
FN:35,(anonymous_6)
FNF:7
FNH:0
FNDA:0,(anonymous_0)
FNDA:0,(anonymous_1)
FNDA:0,(anonymous_2)
FNDA:0,(anonymous_3)
FNDA:0,(anonymous_4)
FNDA:0,(anonymous_5)
FNDA:0,(anonymous_6)
DA:3,0
DA:5,0
DA:6,0
DA:8,0
DA:10,0
DA:12,0
DA:16,0
DA:17,0
DA:18,0
DA:20,0
DA:27,0
DA:28,0
DA:29,0
DA:30,0
DA:34,0
DA:35,0
DA:36,0
DA:38,0
DA:43,0
LF:19
LH:0
BRDA:5,0,0,0
BRDA:6,1,0,0
BRDA:6,1,1,0
BRDA:6,1,2,0
BRF:4
BRH:0
end_of_record
TN:
SF:/Users/miika/Projektit/bottlestash-frontend/src/reducers/filterReducer.js
FN:2,(anonymous_0)
FN:11,(anonymous_1)
FNF:2
FNH:0
FNDA:0,(anonymous_0)
FNDA:0,(anonymous_1)
DA:2,0
DA:3,0
DA:5,0
DA:7,0
DA:11,0
DA:12,0
LF:6
LH:0
BRDA:2,0,0,0
BRDA:3,1,0,0
BRDA:3,1,1,0
BRF:3
BRH:0
end_of_record
TN:
SF:/Users/miika/Projektit/bottlestash-frontend/src/reducers/loginReducer.js
FN:7,(anonymous_0)
FN:18,(anonymous_1)
FN:19,(anonymous_2)
FN:32,(anonymous_3)
FN:33,(anonymous_4)
FN:43,(anonymous_5)
FN:44,(anonymous_6)
FNF:7
FNH:1
FNDA:4,(anonymous_0)
FNDA:0,(anonymous_1)
FNDA:0,(anonymous_2)
FNDA:0,(anonymous_3)
FNDA:0,(anonymous_4)
FNDA:0,(anonymous_5)
FNDA:0,(anonymous_6)
DA:3,1
DA:5,1
DA:7,1
DA:8,4
DA:10,1
DA:12,1
DA:14,2
DA:18,1
DA:19,0
DA:20,0
DA:22,0
DA:23,0
DA:25,0
DA:32,1
DA:33,0
DA:34,0
DA:35,0
DA:37,0
DA:43,1
DA:44,0
DA:45,0
DA:47,0
LF:22
LH:10
BRDA:7,0,0,1
BRDA:8,1,0,1
BRDA:8,1,1,1
BRDA:8,1,2,2
BRF:4
BRH:4
end_of_record
TN:
SF:/Users/miika/Projektit/bottlestash-frontend/src/reducers/notificationReducer.js
FN:2,(anonymous_0)
FN:13,(anonymous_1)
FN:14,(anonymous_2)
FN:19,(anonymous_3)
FNF:4
FNH:1
FNDA:0,(anonymous_0)
FNDA:1,(anonymous_1)
FNDA:0,(anonymous_2)
FNDA:0,(anonymous_3)
DA:2,3
DA:3,0
DA:5,0
DA:7,0
DA:9,0
DA:13,3
DA:14,1
DA:15,0
DA:19,0
DA:20,0
LF:10
LH:3
BRDA:2,0,0,0
BRDA:3,1,0,0
BRDA:3,1,1,0
BRDA:3,1,2,0
BRDA:13,2,0,0
BRF:5
BRH:0
end_of_record
TN:
SF:/Users/miika/Projektit/bottlestash-frontend/src/reducers/picturesReducer.js
FN:12,(anonymous_0)
FN:13,(anonymous_1)
FN:18,(anonymous_2)
FN:19,(anonymous_3)
FNF:4
FNH:0
FNDA:0,(anonymous_0)
FNDA:0,(anonymous_1)
FNDA:0,(anonymous_2)
FNDA:0,(anonymous_3)
DA:3,0
DA:12,0
DA:13,0
DA:14,0
DA:18,0
DA:19,0
DA:20,0
DA:21,0
DA:22,0
DA:23,0
LF:10
LH:0
BRF:0
BRH:0
end_of_record
TN:
SF:/Users/miika/Projektit/bottlestash-frontend/src/reducers/ratingsReducer.js
FN:5,(anonymous_0)
FN:16,(anonymous_1)
FN:17,(anonymous_2)
FN:27,(anonymous_3)
FN:28,(anonymous_4)
FNF:5
FNH:0
FNDA:0,(anonymous_0)
FNDA:0,(anonymous_1)
FNDA:0,(anonymous_2)
FNDA:0,(anonymous_3)
FNDA:0,(anonymous_4)
DA:3,0
DA:5,0
DA:6,0
DA:8,0
DA:10,0
DA:12,0
DA:16,0
DA:17,0
DA:18,0
DA:20,0
DA:27,0
DA:28,0
DA:29,0
DA:31,0
LF:14
LH:0
BRDA:5,0,0,0
BRDA:6,1,0,0
BRDA:6,1,1,0
BRDA:6,1,2,0
BRF:4
BRH:0
end_of_record
TN:
SF:/Users/miika/Projektit/bottlestash-frontend/src/reducers/usersReducer.js
FN:5,(anonymous_0)
FN:10,(anonymous_1)
FN:12,(anonymous_2)
FN:14,(anonymous_3)
FN:22,(anonymous_4)
FN:23,(anonymous_5)
FN:34,(anonymous_6)
FN:35,(anonymous_7)
FN:47,(anonymous_8)
FN:48,(anonymous_9)
FN:58,(anonymous_10)
FN:59,(anonymous_11)
FN:69,(anonymous_12)
FN:70,(anonymous_13)
FNF:14
FNH:1
FNDA:4,(anonymous_0)
FNDA:0,(anonymous_1)
FNDA:0,(anonymous_2)
FNDA:0,(anonymous_3)
FNDA:0,(anonymous_4)
FNDA:0,(anonymous_5)
FNDA:0,(anonymous_6)
FNDA:0,(anonymous_7)
FNDA:0,(anonymous_8)
FNDA:0,(anonymous_9)
FNDA:0,(anonymous_10)
FNDA:0,(anonymous_11)
FNDA:0,(anonymous_12)
FNDA:0,(anonymous_13)
DA:3,3
DA:5,3
DA:6,4
DA:8,1
DA:10,0
DA:12,0
DA:14,0
DA:16,1
DA:18,2
DA:22,3
DA:23,0
DA:24,0
DA:26,0
DA:34,3
DA:35,0
DA:36,0
DA:38,0
DA:43,0
DA:47,3
DA:48,0
DA:49,0
DA:51,0
DA:58,3
DA:59,0
DA:60,0
DA:62,0
DA:69,3
DA:70,0
DA:71,0
DA:73,0
LF:30
LH:11
BRDA:5,0,0,1
BRDA:6,1,0,1
BRDA:6,1,1,0
BRDA:6,1,2,0
BRDA:6,1,3,0
BRDA:6,1,4,1
BRDA:6,1,5,2
BRDA:10,2,0,0
BRDA:10,2,1,0
BRDA:14,3,0,0
BRDA:14,3,1,0
BRF:11
BRH:4
end_of_record
